  Creating gen_test_char.exe and apr_escape_test_char.h
  gen_test_char.c
  Performing Custom Build Tools
  Creating apr.h from apr.hw
  apr_atomic.c
  dso.c
  apr_escape.c
  buffer.c
  copy.c
  dir.c
  fileacc.c
  filedup.c
  filepath.c
  filepath_util.c
  filestat.c
  filesys.c
  flock.c
  fullrw.c
  mktemp.c
  open.c
  pipe.c
  readwrite.c
  seek.c
  tempdir.c
  正在生成代码...
  正在编译...
  proc_mutex.c
  thread_cond.c
  thread_mutex.c
  thread_rwlock.c
  apr_pools.c
  charset.c
  env.c
  errorcodes.c
  getopt.c
  internal.c
  misc.c
  otherchild.c
  rand.c
  start.c
  utf8.c
  version.c
  common.c
  mmap.c
  inet_ntop.c
  inet_pton.c
  正在生成代码...
  正在编译...
  multicast.c
  sendrecv.c
  sockaddr.c
  socket_util.c
  sockets.c
  sockopt.c
  apr_getpass.c
  poll.c
  pollcb.c
  pollset.c
  select.c
  apr_random.c
  sha2.c
  sha2_glue.c
  shm.c
  apr_cpystrn.c
  apr_fnmatch.c
  apr_snprintf.c
  apr_strings.c
  apr_strnatcmp.c
  正在生成代码...
  正在编译...
  apr_strtok.c
  apr_hash.c
  apr_skiplist.c
  apr_tables.c
  proc.c
  signals.c
  thread.c
  threadpriv.c
  time.c
  timestr.c
  groupinfo.c
  userinfo.c
  正在生成代码...
  apr.vcxproj -> D:\kbedemo\kbengine\kbe\src\lib\dependencies\apr\..\..\..\libs\apr-1_d.lib
