  Creating apr_ldap.h from apr_ldap.hw
  Creating apu.h from apu.hw
  Creating apu_config.h from apu_config.hw
  Creating apu_select_dbm.h from apu_select_dbm.hw
  Creating apu_want.h from apu_want.hw
  apr_brigade.c
  apr_buckets.c
  apr_buckets_alloc.c
  apr_buckets_eos.c
  apr_buckets_file.c
  apr_buckets_flush.c
  apr_buckets_heap.c
  apr_buckets_mmap.c
  apr_buckets_pipe.c
  apr_buckets_pool.c
  apr_buckets_refcount.c
  apr_buckets_simple.c
  apr_buckets_socket.c
  apr_crypto.c
  apr_md4.c
  apr_md5.c
  apr_passwd.c
crypto\apr_passwd.c(195): warning C4267: “函数”: 从“size_t”转换到“int”，可能丢失数据
crypto\apr_passwd.c(197): warning C4267: “函数”: 从“size_t”转换到“int”，可能丢失数据
  apr_sha1.c
  crypt_blowfish.c
crypto\crypt_blowfish.c(894): warning C4244: “=”: 从“unsigned long”转换到“char”，可能丢失数据
  getuuid.c
  正在生成代码...
  正在编译...
  uuid.c
  apr_dbd.c
  apr_dbd_freetds.c
  apr_dbd_mysql.c
  apr_dbd_odbc.c
  apr_dbd_oracle.c
  apr_dbd_pgsql.c
  apr_dbd_sqlite2.c
  apr_dbd_sqlite3.c
  apr_dbm.c
  apr_dbm_berkeleydb.c
  apr_dbm_gdbm.c
  apr_dbm_sdbm.c
  apr_base64.c
  apr_hooks.c
  apr_ldap_init.c
  apr_ldap_option.c
  apr_ldap_rebind.c
  apr_ldap_stub.c
  apr_ldap_url.c
  正在生成代码...
  正在编译...
  apr_memcache.c
  apr_date.c
  apr_queue.c
  apr_reslist.c
  apr_rmm.c
  apr_thread_pool.c
misc\apr_thread_pool.c(906): warning C4267: “=”: 从“size_t”转换到“unsigned int”，可能丢失数据
  apu_dso.c
  apu_version.c
  sdbm.c
  sdbm_hash.c
  sdbm_lock.c
  sdbm_pair.c
  apr_strmatch.c
  apr_uri.c
  xlate.c
  apr_xml.c
  正在生成代码...
  aprutil.vcxproj -> D:\kbedemo\kbengine\kbe\src\lib\dependencies\apr-util\..\..\..\libs\aprutil-1_d.lib
