  test.c
  sds.c
d:\kbedemo\kbengine\kbe\src\lib\dependencies\hiredis\redis-win\deps\hiredis\sds.c(54): warning C4267: “=”: 从“size_t”转换到“int”，可能丢失数据
d:\kbedemo\kbengine\kbe\src\lib\dependencies\hiredis\redis-win\deps\hiredis\sds.c(84): warning C4267: “初始化”: 从“size_t”转换到“int”，可能丢失数据
d:\kbedemo\kbengine\kbe\src\lib\dependencies\hiredis\redis-win\deps\hiredis\sds.c(105): warning C4267: “=”: 从“size_t”转换到“int”，可能丢失数据
d:\kbedemo\kbengine\kbe\src\lib\dependencies\hiredis\redis-win\deps\hiredis\sds.c(123): warning C4267: “=”: 从“size_t”转换到“int”，可能丢失数据
d:\kbedemo\kbengine\kbe\src\lib\dependencies\hiredis\redis-win\deps\hiredis\sds.c(124): warning C4267: “=”: 从“size_t”转换到“int”，可能丢失数据
d:\kbedemo\kbengine\kbe\src\lib\dependencies\hiredis\redis-win\deps\hiredis\sds.c(136): warning C4267: “=”: 从“size_t”转换到“int”，可能丢失数据
d:\kbedemo\kbengine\kbe\src\lib\dependencies\hiredis\redis-win\deps\hiredis\sds.c(137): warning C4267: “=”: 从“size_t”转换到“int”，可能丢失数据
d:\kbedemo\kbengine\kbe\src\lib\dependencies\hiredis\redis-win\deps\hiredis\sds.c(158): warning C4267: “=”: 从“size_t”转换到“int”，可能丢失数据
d:\kbedemo\kbengine\kbe\src\lib\dependencies\hiredis\redis-win\deps\hiredis\sds.c(159): warning C4267: “=”: 从“size_t”转换到“int”，可能丢失数据
d:\kbedemo\kbengine\kbe\src\lib\dependencies\hiredis\redis-win\deps\hiredis\sds.c(219): warning C4267: “=”: 从“size_t”转换到“int”，可能丢失数据
d:\kbedemo\kbengine\kbe\src\lib\dependencies\hiredis\redis-win\deps\hiredis\sds.c(220): warning C4267: “=”: 从“size_t”转换到“int”，可能丢失数据
d:\kbedemo\kbengine\kbe\src\lib\dependencies\hiredis\redis-win\deps\hiredis\sds.c(230): warning C4267: “=”: 从“size_t”转换到“int”，可能丢失数据
d:\kbedemo\kbengine\kbe\src\lib\dependencies\hiredis\redis-win\deps\hiredis\sds.c(234): warning C4267: “=”: 从“size_t”转换到“int”，可能丢失数据
d:\kbedemo\kbengine\kbe\src\lib\dependencies\hiredis\redis-win\deps\hiredis\sds.c(242): warning C4267: “=”: 从“size_t”转换到“int”，可能丢失数据
d:\kbedemo\kbengine\kbe\src\lib\dependencies\hiredis\redis-win\deps\hiredis\sds.c(250): warning C4267: “=”: 从“size_t”转换到“int”，可能丢失数据
d:\kbedemo\kbengine\kbe\src\lib\dependencies\hiredis\redis-win\deps\hiredis\sds.c(251): warning C4267: “=”: 从“size_t”转换到“int”，可能丢失数据
d:\kbedemo\kbengine\kbe\src\lib\dependencies\hiredis\redis-win\deps\hiredis\sds.c(256): warning C4267: “初始化”: 从“size_t”转换到“int”，可能丢失数据
d:\kbedemo\kbengine\kbe\src\lib\dependencies\hiredis\redis-win\deps\hiredis\sds.c(262): warning C4267: “初始化”: 从“size_t”转换到“int”，可能丢失数据
d:\kbedemo\kbengine\kbe\src\lib\dependencies\hiredis\redis-win\deps\hiredis\sds.c(275): warning C4267: “return”: 从“size_t”转换到“int”，可能丢失数据
  net.c
d:\kbedemo\kbengine\kbe\src\lib\dependencies\hiredis\redis-win\deps\hiredis\net.c(265): warning C4133: “函数”: 从“size_t *”到“int *”的类型不兼容
d:\kbedemo\kbengine\kbe\src\lib\dependencies\hiredis\redis-win\deps\hiredis\net.c(392): warning C4244: “=”: 从“SOCKET”转换到“int”，可能丢失数据
d:\kbedemo\kbengine\kbe\src\lib\dependencies\hiredis\redis-win\deps\hiredis\net.c(405): warning C4477: “sprintf_s”: 格式字符串“%s”需要类型“char *”的参数，但可变参数 1 拥有了类型“LPVOID”
d:\kbedemo\kbengine\kbe\src\lib\dependencies\hiredis\redis-win\deps\hiredis\net.c(428): warning C4477: “sprintf_s”: 格式字符串“%s”需要类型“char *”的参数，但可变参数 1 拥有了类型“LPVOID”
  hiredis.c
d:\kbedemo\kbengine\kbe\src\lib\dependencies\hiredis\redis-win\deps\hiredis\hiredis.c(124): warning C4267: “=”: 从“size_t”转换到“int”，可能丢失数据
d:\kbedemo\kbengine\kbe\src\lib\dependencies\hiredis\redis-win\deps\hiredis\hiredis.c(292): warning C4267: “初始化”: 从“size_t”转换到“int”，可能丢失数据
d:\kbedemo\kbengine\kbe\src\lib\dependencies\hiredis\redis-win\deps\hiredis\hiredis.c(352): warning C4267: “=”: 从“size_t”转换到“int”，可能丢失数据
d:\kbedemo\kbengine\kbe\src\lib\dependencies\hiredis\redis-win\deps\hiredis\hiredis.c(431): warning C4267: “=”: 从“size_t”转换到“unsigned long”，可能丢失数据
d:\kbedemo\kbengine\kbe\src\lib\dependencies\hiredis\redis-win\deps\hiredis\hiredis.c(683): warning C4267: “函数”: 从“size_t”转换到“int”，可能丢失数据
d:\kbedemo\kbengine\kbe\src\lib\dependencies\hiredis\redis-win\deps\hiredis\hiredis.c(713): warning C4267: “函数”: 从“size_t”转换到“int”，可能丢失数据
d:\kbedemo\kbengine\kbe\src\lib\dependencies\hiredis\redis-win\deps\hiredis\hiredis.c(744): warning C4267: “+=”: 从“size_t”转换到“int”，可能丢失数据
d:\kbedemo\kbengine\kbe\src\lib\dependencies\hiredis\redis-win\deps\hiredis\hiredis.c(901): warning C4267: “+=”: 从“size_t”转换到“int”，可能丢失数据
d:\kbedemo\kbengine\kbe\src\lib\dependencies\hiredis\redis-win\deps\hiredis\hiredis.c(930): warning C4267: “+=”: 从“size_t”转换到“int”，可能丢失数据
d:\kbedemo\kbengine\kbe\src\lib\dependencies\hiredis\redis-win\deps\hiredis\hiredis.c(923): warning C4477: “sprintf”: 格式字符串“%u”需要类型“unsigned int”的参数，但可变参数 1 拥有了类型“::size_t”
  d:\kbedemo\kbengine\kbe\src\lib\dependencies\hiredis\redis-win\deps\hiredis\hiredis.c(923): note: 请考虑在格式字符串中使用“%zu”
d:\kbedemo\kbengine\kbe\src\lib\dependencies\hiredis\redis-win\deps\hiredis\hiredis.c(994): warning C4267: “+=”: 从“size_t”转换到“int”，可能丢失数据
d:\kbedemo\kbengine\kbe\src\lib\dependencies\hiredis\redis-win\deps\hiredis\hiredis.c(1015): warning C4267: “+=”: 从“size_t”转换到“int”，可能丢失数据
d:\kbedemo\kbengine\kbe\src\lib\dependencies\hiredis\redis-win\deps\hiredis\hiredis.c(1009): warning C4477: “sprintf”: 格式字符串“%u”需要类型“unsigned int”的参数，但可变参数 1 拥有了类型“::size_t”
  d:\kbedemo\kbengine\kbe\src\lib\dependencies\hiredis\redis-win\deps\hiredis\hiredis.c(1009): note: 请考虑在格式字符串中使用“%zu”
d:\kbedemo\kbengine\kbe\src\lib\dependencies\hiredis\redis-win\deps\hiredis\hiredis.c(1205): warning C4267: “函数”: 从“size_t”转换到“int”，可能丢失数据
  dict.c
  async.c
d:\kbedemo\kbengine\kbe\src\lib\dependencies\hiredis\redis-win\deps\hiredis\async.c(70): warning C4267: “函数”: 从“size_t”转换到“int”，可能丢失数据
d:\kbedemo\kbengine\kbe\src\lib\dependencies\hiredis\redis-win\deps\hiredis\async.c(86): warning C4267: “=”: 从“size_t”转换到“int”，可能丢失数据
d:\kbedemo\kbengine\kbe\src\lib\dependencies\hiredis\redis-win\deps\hiredis\async.c(87): warning C4267: “=”: 从“size_t”转换到“int”，可能丢失数据
  正在生成代码...
  hiredis.vcxproj -> D:\kbedemo\kbengine\kbe\src\lib\dependencies\hiredis\redis-win\msvs\hiredis\../../../../../../libs\hiredis_d.lib
