  applink.c
..\..\lib\dependencies\openssl\include\openssl\applink.c(106): warning C4996: 'fopen': This function or variable may be unsafe. Consider using fopen_s instead. To disable deprecation, use _CRT_SECURE_NO_WARNINGS. See online help for details.
  C:\Program Files (x86)\Windows Kits\10\Include\10.0.16299.0\ucrt\stdio.h(207): note: 参见“fopen”的声明
..\..\lib\dependencies\openssl\include\openssl\applink.c(114): warning C4996: '_open': This function or variable may be unsafe. Consider using _sopen_s instead. To disable deprecation, use _CRT_SECURE_NO_WARNINGS. See online help for details.
  C:\Program Files (x86)\Windows Kits\10\Include\10.0.16299.0\ucrt\corecrt_io.h(419): note: 参见“_open”的声明
  getbuildinfo.c
  正在生成代码...
  archiver.cpp
  backuper.cpp
  entity.cpp
entity.cpp(41): warning C4244: “参数”: 从“KBEngine::intptr”转换到“int”，可能丢失数据
  entity_messages_forward_handler.cpp
  entity_remotemethod.cpp
  baseapp.cpp
baseapp.cpp(4164): warning C4267: “初始化”: 从“size_t”转换到“int”，可能丢失数据
  baseapp_interface.cpp
  data_download.cpp
  data_downloads.cpp
  entity_autoloader.cpp
  forward_message_over_handler.cpp
  initprogress_handler.cpp
  main.cpp
  profile.cpp
  proxy.cpp
proxy.cpp(560): warning C4244: “初始化”: 从“Py_ssize_t”转换到“KBEngine::uint16”，可能丢失数据
proxy.cpp(655): warning C4244: “初始化”: 从“Py_ssize_t”转换到“KBEngine::uint16”，可能丢失数据
  proxy_forwarder.cpp
  restore_entity_handler.cpp
  sync_entitystreamtemplate_handler.cpp
  正在生成代码...
    正在创建库 ../../../bin/server/baseapp.lib 和对象 ../../../bin/server/baseapp.exp
  baseapp.vcxproj -> D:\kbedemo\kbengine\kbe\src\server\baseapp\../../../bin/server/baseapp.exe
