    INFO cellappmgr-1 10103 6000  [2018-01-30 14:43:45 108] - -----------------------------------------------------------------------------------------


    INFO cellappmgr-1 10103 6000  [2018-01-30 14:43:45 124] - Resmgr::initialize: KBE_ROOT=D:/kbedemo/kbengine/
    INFO cellappmgr-1 10103 6000  [2018-01-30 14:43:45 124] - Resmgr::initialize: KBE_RES_PATH=D:/kbedemo/kbengine/kbe/res/;D:/kbedemo/kbengine/assets/;D:/kbedemo/kbengine/assets/scripts/;D:/kbedemo/kbengine/assets/res/
    INFO cellappmgr-1 10103 6000  [2018-01-30 14:43:45 124] - Resmgr::initialize: KBE_BIN_PATH=D:/kbedemo/kbengine/kbe/bin/server/
    INFO cellappmgr-1 10103 6000  [2018-01-30 14:43:45 134] - NetworkInterface::initialize(INTERNAL): bound to all interfaces with default route interface on 192.168.1.5 ( 192.168.1.5:64362 )
    INFO cellappmgr-1 10103 6000  [2018-01-30 14:43:45 134] - NetworkInterface::initialize(INTERNAL): address 192.168.1.5:64362, SOMAXCONN=5.
    INFO cellappmgr-1 10103 6000  [2018-01-30 14:43:45 134] - server-configs:
    INFO cellappmgr-1 10103 6000  [2018-01-30 14:43:45 135] - 	internalAddr : 192.168.1.5:64362
    INFO cellappmgr-1 10103 6000  [2018-01-30 14:43:45 135] - 	componentID : 6000
    INFO cellappmgr-1 10103 6000  [2018-01-30 14:43:45 154] - Components::findLogger: found logger, addr:192.168.1.5:64357
    INFO cellappmgr-1 10103 6000  [2018-01-30 14:43:45 155] - Components::addComponent: reset orderLog, uid=10103!
    INFO cellappmgr-1 10103 6000  [2018-01-30 14:43:45 155] - Components::addComponent[logger], uid=10103, componentID=2000, globalorderid=1, grouporderid=1, totalcount=1
    INFO cellappmgr-1 10103 6000  [2018-01-30 14:43:45 164] - ---- cellappmgr Version: 1.1.0. ScriptVersion: 0.1.0. Protocol: 79F0CCB0577DA31EDFBEC6430BB77140. Config: Debug X64. Built: 11:59:57 Jan 30 2018. AppID: 6000. UID: 10103. PID: 14180 ----
    INFO cellappmgr-1 10103 6000  [2018-01-30 14:43:45 164] - Server : Intel(R) Core(TM) i5-6500 CPU @ 3.20GHz with 8266432kB RAM
    INFO cellappmgr-1 10103 6000  [2018-01-30 14:43:45 165] - ThreadPool::createThreadPool: creating  threadpool...
    INFO cellappmgr-1 10103 6000  [2018-01-30 14:43:45 165] - ThreadPool::createThreadPool: successfully(2), newThreadCount=1, normalMaxThreadCount=2, maxThreadCount=8
    INFO cellappmgr-1 10103 6000  [2018-01-30 14:43:45 816] - ---- cellappmgr is running ----
   DEBUG cellappmgr-1 10103 6000  [2018-01-30 14:43:45 821] - Components::process(): Request for the process of identity...
    INFO cellappmgr-1 10103 6000  [2018-01-30 14:43:52 987] - Components::findComponents: find dbmgr(1)...
    INFO cellappmgr-1 10103 6000  [2018-01-30 14:43:55 107] - Components::findComponents: find dbmgr(2)...
    INFO cellappmgr-1 10103 6000  [2018-01-30 14:43:57 127] - Components::findComponents: find dbmgr(3)...
    INFO cellappmgr-1 10103 6000  [2018-01-30 14:43:59 147] - Components::findComponents: find dbmgr(4)...
    INFO cellappmgr-1 10103 6000  [2018-01-30 14:44:01 187] - Components::findComponents: find dbmgr(5)...
    INFO cellappmgr-1 10103 6000  [2018-01-30 14:44:03 226] - Components::findComponents: find dbmgr(6)...
    INFO cellappmgr-1 10103 6000  [2018-01-30 14:44:05 247] - Components::findComponents: find dbmgr(7)...
    INFO cellappmgr-1 10103 6000  [2018-01-30 14:44:07 266] - Components::findComponents: find dbmgr(8)...
    INFO cellappmgr-1 10103 6000  [2018-01-30 14:44:09 306] - Components::findComponents: find dbmgr(9)...
    INFO cellappmgr-1 10103 6000  [2018-01-30 14:44:11 347] - Components::findComponents: find dbmgr(10)...
    INFO cellappmgr-1 10103 6000  [2018-01-30 14:44:13 366] - Components::findComponents: find dbmgr(11)...
    INFO cellappmgr-1 10103 6000  [2018-01-30 14:44:15 406] - Components::findComponents: find dbmgr(12)...
    INFO cellappmgr-1 10103 6000  [2018-01-30 14:44:17 426] - Components::findComponents: find dbmgr(13)...
    INFO cellappmgr-1 10103 6000  [2018-01-30 14:44:19 466] - Components::findComponents: find dbmgr(14)...
    INFO cellappmgr-1 10103 6000  [2018-01-30 14:44:21 486] - Components::findComponents: find dbmgr(15)...
    INFO cellappmgr-1 10103 6000  [2018-01-30 14:44:23 526] - Components::findComponents: find dbmgr(16)...
 WARNING cellappmgr-1 10103 6000  [2018-01-30 14:44:25 546] - Components::findComponents: find dbmgr(17)...
delay time is too long, please check the dbmgr logs!
 WARNING cellappmgr-1 10103 6000  [2018-01-30 14:44:27 586] - Components::findComponents: find dbmgr(18)...
delay time is too long, please check the dbmgr logs!
 WARNING cellappmgr-1 10103 6000  [2018-01-30 14:44:29 626] - Components::findComponents: find dbmgr(19)...
delay time is too long, please check the dbmgr logs!
 WARNING cellappmgr-1 10103 6000  [2018-01-30 14:44:31 666] - Components::findComponents: find dbmgr(20)...
delay time is too long, please check the dbmgr logs!
 WARNING cellappmgr-1 10103 6000  [2018-01-30 14:44:33 686] - Components::findComponents: find dbmgr(21)...
delay time is too long, please check the dbmgr logs!
 WARNING cellappmgr-1 10103 6000  [2018-01-30 14:44:35 726] - Components::findComponents: find dbmgr(22)...
delay time is too long, please check the dbmgr logs!
 WARNING cellappmgr-1 10103 6000  [2018-01-30 14:44:37 766] - Components::findComponents: find dbmgr(23)...
delay time is too long, please check the dbmgr logs!
 WARNING cellappmgr-1 10103 6000  [2018-01-30 14:44:39 786] - Components::findComponents: find dbmgr(24)...
delay time is too long, please check the dbmgr logs!
 WARNING cellappmgr-1 10103 6000  [2018-01-30 14:44:41 826] - Components::findComponents: find dbmgr(25)...
delay time is too long, please check the dbmgr logs!
 WARNING cellappmgr-1 10103 6000  [2018-01-30 14:44:43 866] - Components::findComponents: find dbmgr(26)...
delay time is too long, please check the dbmgr logs!
 WARNING cellappmgr-1 10103 6000  [2018-01-30 14:44:45 886] - Components::findComponents: find dbmgr(27)...
delay time is too long, please check the dbmgr logs!
 WARNING cellappmgr-1 10103 6000  [2018-01-30 14:44:47 927] - Components::findComponents: find dbmgr(28)...
delay time is too long, please check the dbmgr logs!
 WARNING cellappmgr-1 10103 6000  [2018-01-30 14:44:49 966] - Components::findComponents: find dbmgr(29)...
delay time is too long, please check the dbmgr logs!
    INFO cellappmgr-1 10103 6000  [2018-01-30 14:48:57 414] - -----------------------------------------------------------------------------------------


    INFO cellappmgr-1 10103 6000  [2018-01-30 14:48:57 415] - Resmgr::initialize: KBE_ROOT=D:/kbedemo/kbengine/
    INFO cellappmgr-1 10103 6000  [2018-01-30 14:48:57 415] - Resmgr::initialize: KBE_RES_PATH=D:/kbedemo/kbengine/kbe/res/;D:/kbedemo/kbengine/assets/;D:/kbedemo/kbengine/assets/scripts/;D:/kbedemo/kbengine/assets/res/
    INFO cellappmgr-1 10103 6000  [2018-01-30 14:48:57 415] - Resmgr::initialize: KBE_BIN_PATH=D:/kbedemo/kbengine/kbe/bin/server/
    INFO cellappmgr-1 10103 6000  [2018-01-30 14:48:57 417] - NetworkInterface::initialize(INTERNAL): bound to all interfaces with default route interface on 192.168.1.5 ( 192.168.1.5:64436 )
    INFO cellappmgr-1 10103 6000  [2018-01-30 14:48:57 417] - NetworkInterface::initialize(INTERNAL): address 192.168.1.5:64436, SOMAXCONN=5.
    INFO cellappmgr-1 10103 6000  [2018-01-30 14:48:57 417] - server-configs:
    INFO cellappmgr-1 10103 6000  [2018-01-30 14:48:57 418] - 	internalAddr : 192.168.1.5:64436
    INFO cellappmgr-1 10103 6000  [2018-01-30 14:48:57 418] - 	componentID : 6000
    INFO cellappmgr-1 10103 6000  [2018-01-30 14:48:57 498] - Components::findLogger: found logger, addr:192.168.1.5:64431
    INFO cellappmgr-1 10103 6000  [2018-01-30 14:48:57 498] - Components::addComponent: reset orderLog, uid=10103!
    INFO cellappmgr-1 10103 6000  [2018-01-30 14:48:57 499] - Components::addComponent[logger], uid=10103, componentID=2000, globalorderid=1, grouporderid=1, totalcount=1
    INFO cellappmgr-1 10103 6000  [2018-01-30 14:48:57 505] - ---- cellappmgr Version: 1.1.0. ScriptVersion: 0.1.0. Protocol: 79F0CCB0577DA31EDFBEC6430BB77140. Config: Debug X64. Built: 11:59:57 Jan 30 2018. AppID: 6000. UID: 10103. PID: 4512 ----
    INFO cellappmgr-1 10103 6000  [2018-01-30 14:48:57 505] - Server : Intel(R) Core(TM) i5-6500 CPU @ 3.20GHz with 8266432kB RAM
    INFO cellappmgr-1 10103 6000  [2018-01-30 14:48:57 505] - ThreadPool::createThreadPool: creating  threadpool...
    INFO cellappmgr-1 10103 6000  [2018-01-30 14:48:57 505] - ThreadPool::createThreadPool: successfully(2), newThreadCount=1, normalMaxThreadCount=2, maxThreadCount=8
    INFO cellappmgr-1 10103 6000  [2018-01-30 14:48:58 071] - ---- cellappmgr is running ----
   DEBUG cellappmgr-1 10103 6000  [2018-01-30 14:48:58 072] - Components::process(): Request for the process of identity...
    INFO cellappmgr-1 10103 6000  [2018-01-30 14:49:05 186] - Components::findComponents: find dbmgr(1)...
    INFO cellappmgr-1 10103 6000  [2018-01-30 14:49:07 246] - Components::findComponents: find dbmgr(2)...
    INFO cellappmgr-1 10103 6000  [2018-01-30 14:49:09 266] - Components::findComponents: find dbmgr(3)...
    INFO cellappmgr-1 10103 6000  [2018-01-30 14:49:11 286] - Components::findComponents: find dbmgr(4)...
    INFO cellappmgr-1 10103 6000  [2018-01-30 14:49:13 306] - Components::findComponents: find dbmgr(5)...
    INFO cellappmgr-1 10103 6000  [2018-01-30 14:49:15 316] - Components::findComponents: find dbmgr(6)...
    INFO cellappmgr-1 10103 6000  [2018-01-30 14:49:17 345] - Components::findComponents: find dbmgr(7)...
    INFO cellappmgr-1 10103 6000  [2018-01-30 14:49:19 365] - Components::findComponents: find dbmgr(8)...
    INFO cellappmgr-1 10103 6000  [2018-01-30 14:49:21 386] - Components::findComponents: find dbmgr(9)...
    INFO cellappmgr-1 10103 6000  [2018-01-30 14:49:23 406] - Components::findComponents: find dbmgr(10)...
    INFO cellappmgr-1 10103 6000  [2018-01-30 14:49:25 426] - Components::findComponents: find dbmgr(11)...
    INFO cellappmgr-1 10103 6000  [2018-01-30 14:49:27 446] - Components::findComponents: find dbmgr(12)...
    INFO cellappmgr-1 10103 6000  [2018-01-30 14:49:29 465] - Components::findComponents: find dbmgr(13)...
    INFO cellappmgr-1 10103 6000  [2018-01-30 14:49:31 485] - Components::findComponents: find dbmgr(14)...
    INFO cellappmgr-1 10103 6000  [2018-01-30 14:49:33 506] - Components::findComponents: find dbmgr(15)...
    INFO cellappmgr-1 10103 6000  [2018-01-30 14:49:35 605] - Components::findComponents: find dbmgr(16)...
 WARNING cellappmgr-1 10103 6000  [2018-01-30 14:49:37 646] - Components::findComponents: find dbmgr(17)...
delay time is too long, please check the dbmgr logs!
 WARNING cellappmgr-1 10103 6000  [2018-01-30 14:49:39 766] - Components::findComponents: find dbmgr(18)...
delay time is too long, please check the dbmgr logs!
 WARNING cellappmgr-1 10103 6000  [2018-01-30 14:49:41 785] - Components::findComponents: find dbmgr(19)...
delay time is too long, please check the dbmgr logs!
 WARNING cellappmgr-1 10103 6000  [2018-01-30 14:49:43 816] - Components::findComponents: find dbmgr(20)...
delay time is too long, please check the dbmgr logs!
 WARNING cellappmgr-1 10103 6000  [2018-01-30 14:49:45 846] - Components::findComponents: find dbmgr(21)...
delay time is too long, please check the dbmgr logs!
 WARNING cellappmgr-1 10103 6000  [2018-01-30 14:49:47 865] - Components::findComponents: find dbmgr(22)...
delay time is too long, please check the dbmgr logs!
 WARNING cellappmgr-1 10103 6000  [2018-01-30 14:49:49 906] - Components::findComponents: find dbmgr(23)...
delay time is too long, please check the dbmgr logs!
 WARNING cellappmgr-1 10103 6000  [2018-01-30 14:49:51 945] - Components::findComponents: find dbmgr(24)...
delay time is too long, please check the dbmgr logs!
 WARNING cellappmgr-1 10103 6000  [2018-01-30 14:49:53 985] - Components::findComponents: find dbmgr(25)...
delay time is too long, please check the dbmgr logs!
 WARNING cellappmgr-1 10103 6000  [2018-01-30 14:49:56 005] - Components::findComponents: find dbmgr(26)...
delay time is too long, please check the dbmgr logs!
 WARNING cellappmgr-1 10103 6000  [2018-01-30 14:49:58 045] - Components::findComponents: find dbmgr(27)...
delay time is too long, please check the dbmgr logs!
 WARNING cellappmgr-1 10103 6000  [2018-01-30 14:50:00 065] - Components::findComponents: find dbmgr(28)...
delay time is too long, please check the dbmgr logs!
 WARNING cellappmgr-1 10103 6000  [2018-01-30 14:50:02 105] - Components::findComponents: find dbmgr(29)...
delay time is too long, please check the dbmgr logs!
 WARNING cellappmgr-1 10103 6000  [2018-01-30 14:50:04 145] - Components::findComponents: find dbmgr(30)...
delay time is too long, please check the dbmgr logs!
    INFO cellappmgr-1 10103 6000  [2018-01-30 14:58:03 169] - -----------------------------------------------------------------------------------------


    INFO cellappmgr-1 10103 6000  [2018-01-30 14:58:03 171] - Resmgr::initialize: KBE_ROOT=D:/kbedemo/kbengine/
    INFO cellappmgr-1 10103 6000  [2018-01-30 14:58:03 171] - Resmgr::initialize: KBE_RES_PATH=D:/kbedemo/kbengine/kbe/res/;D:/kbedemo/kbengine/assets/;D:/kbedemo/kbengine/assets/scripts/;D:/kbedemo/kbengine/assets/res/
    INFO cellappmgr-1 10103 6000  [2018-01-30 14:58:03 172] - Resmgr::initialize: KBE_BIN_PATH=D:/kbedemo/kbengine/kbe/bin/server/
    INFO cellappmgr-1 10103 6000  [2018-01-30 14:58:03 186] - NetworkInterface::initialize(INTERNAL): bound to all interfaces with default route interface on 192.168.1.5 ( 192.168.1.5:64519 )
    INFO cellappmgr-1 10103 6000  [2018-01-30 14:58:03 186] - NetworkInterface::initialize(INTERNAL): address 192.168.1.5:64519, SOMAXCONN=5.
    INFO cellappmgr-1 10103 6000  [2018-01-30 14:58:03 186] - server-configs:
    INFO cellappmgr-1 10103 6000  [2018-01-30 14:58:03 186] - 	internalAddr : 192.168.1.5:64519
    INFO cellappmgr-1 10103 6000  [2018-01-30 14:58:03 186] - 	componentID : 6000
    INFO cellappmgr-1 10103 6000  [2018-01-30 14:58:03 217] - Components::findLogger: found logger, addr:192.168.1.5:64513
    INFO cellappmgr-1 10103 6000  [2018-01-30 14:58:03 217] - Components::addComponent: reset orderLog, uid=10103!
    INFO cellappmgr-1 10103 6000  [2018-01-30 14:58:03 217] - Components::addComponent[logger], uid=10103, componentID=2000, globalorderid=1, grouporderid=1, totalcount=1
    INFO cellappmgr-1 10103 6000  [2018-01-30 14:58:03 223] - ---- cellappmgr Version: 1.1.0. ScriptVersion: 0.1.0. Protocol: 79F0CCB0577DA31EDFBEC6430BB77140. Config: Debug X64. Built: 11:59:57 Jan 30 2018. AppID: 6000. UID: 10103. PID: 2764 ----
    INFO cellappmgr-1 10103 6000  [2018-01-30 14:58:03 223] - Server : Intel(R) Core(TM) i5-6500 CPU @ 3.20GHz with 8266432kB RAM
    INFO cellappmgr-1 10103 6000  [2018-01-30 14:58:03 223] - ThreadPool::createThreadPool: creating  threadpool...
    INFO cellappmgr-1 10103 6000  [2018-01-30 14:58:03 223] - ThreadPool::createThreadPool: successfully(2), newThreadCount=1, normalMaxThreadCount=2, maxThreadCount=8
    INFO cellappmgr-1 10103 6000  [2018-01-30 14:58:03 791] - ---- cellappmgr is running ----
   DEBUG cellappmgr-1 10103 6000  [2018-01-30 14:58:03 792] - Components::process(): Request for the process of identity...
    INFO cellappmgr-1 10103 6000  [2018-01-30 15:02:01 386] - -----------------------------------------------------------------------------------------


    INFO cellappmgr-1 10103 6000  [2018-01-30 15:02:01 387] - Resmgr::initialize: KBE_ROOT=D:/kbedemo/kbengine/
    INFO cellappmgr-1 10103 6000  [2018-01-30 15:02:01 387] - Resmgr::initialize: KBE_RES_PATH=D:/kbedemo/kbengine/kbe/res/;D:/kbedemo/kbengine/assets/;D:/kbedemo/kbengine/assets/scripts/;D:/kbedemo/kbengine/assets/res/
    INFO cellappmgr-1 10103 6000  [2018-01-30 15:02:01 387] - Resmgr::initialize: KBE_BIN_PATH=D:/kbedemo/kbengine/kbe/bin/server/
    INFO cellappmgr-1 10103 6000  [2018-01-30 15:02:01 389] - NetworkInterface::initialize(INTERNAL): bound to all interfaces with default route interface on 192.168.1.5 ( 192.168.1.5:64714 )
    INFO cellappmgr-1 10103 6000  [2018-01-30 15:02:01 389] - NetworkInterface::initialize(INTERNAL): address 192.168.1.5:64714, SOMAXCONN=5.
    INFO cellappmgr-1 10103 6000  [2018-01-30 15:02:01 389] - server-configs:
    INFO cellappmgr-1 10103 6000  [2018-01-30 15:02:01 389] - 	internalAddr : 192.168.1.5:64714
    INFO cellappmgr-1 10103 6000  [2018-01-30 15:02:01 389] - 	componentID : 6000
    INFO cellappmgr-1 10103 6000  [2018-01-30 15:02:01 471] - Components::findLogger: found logger, addr:192.168.1.5:64709
    INFO cellappmgr-1 10103 6000  [2018-01-30 15:02:01 471] - Components::addComponent: reset orderLog, uid=10103!
    INFO cellappmgr-1 10103 6000  [2018-01-30 15:02:01 471] - Components::addComponent[logger], uid=10103, componentID=2000, globalorderid=1, grouporderid=1, totalcount=1
    INFO cellappmgr-1 10103 6000  [2018-01-30 15:02:01 481] - ---- cellappmgr Version: 1.1.0. ScriptVersion: 0.1.0. Protocol: 79F0CCB0577DA31EDFBEC6430BB77140. Config: Debug X64. Built: 11:59:57 Jan 30 2018. AppID: 6000. UID: 10103. PID: 2072 ----
    INFO cellappmgr-1 10103 6000  [2018-01-30 15:02:01 483] - Server : Intel(R) Core(TM) i5-6500 CPU @ 3.20GHz with 8266432kB RAM
    INFO cellappmgr-1 10103 6000  [2018-01-30 15:02:01 483] - ThreadPool::createThreadPool: creating  threadpool...
    INFO cellappmgr-1 10103 6000  [2018-01-30 15:02:01 484] - ThreadPool::createThreadPool: successfully(2), newThreadCount=1, normalMaxThreadCount=2, maxThreadCount=8
    INFO cellappmgr-1 10103 6000  [2018-01-30 15:02:02 023] - ---- cellappmgr is running ----
   DEBUG cellappmgr-1 10103 6000  [2018-01-30 15:02:02 023] - Components::process(): Request for the process of identity...
    INFO cellappmgr-1 10103 6000  [2018-01-30 15:02:09 165] - Components::findComponents: find dbmgr(1)...
    INFO cellappmgr-1 10103 6000  [2018-01-30 15:02:11 185] - Components::findComponents: find dbmgr(2)...
    INFO cellappmgr-1 10103 6000  [2018-01-30 15:03:11 667] - -----------------------------------------------------------------------------------------


    INFO cellappmgr-1 10103 6000  [2018-01-30 15:03:11 668] - Resmgr::initialize: KBE_ROOT=D:/kbedemo/kbengine/
    INFO cellappmgr-1 10103 6000  [2018-01-30 15:03:11 668] - Resmgr::initialize: KBE_RES_PATH=D:/kbedemo/kbengine/kbe/res/;D:/kbedemo/kbengine/assets/;D:/kbedemo/kbengine/assets/scripts/;D:/kbedemo/kbengine/assets/res/
    INFO cellappmgr-1 10103 6000  [2018-01-30 15:03:11 669] - Resmgr::initialize: KBE_BIN_PATH=D:/kbedemo/kbengine/kbe/bin/server/
    INFO cellappmgr-1 10103 6000  [2018-01-30 15:03:11 670] - NetworkInterface::initialize(INTERNAL): bound to all interfaces with default route interface on 192.168.1.5 ( 192.168.1.5:64735 )
    INFO cellappmgr-1 10103 6000  [2018-01-30 15:03:11 671] - NetworkInterface::initialize(INTERNAL): address 192.168.1.5:64735, SOMAXCONN=5.
    INFO cellappmgr-1 10103 6000  [2018-01-30 15:03:11 671] - server-configs:
    INFO cellappmgr-1 10103 6000  [2018-01-30 15:03:11 671] - 	internalAddr : 192.168.1.5:64735
    INFO cellappmgr-1 10103 6000  [2018-01-30 15:03:11 671] - 	componentID : 6000
    INFO cellappmgr-1 10103 6000  [2018-01-30 15:03:11 688] - Components::findLogger: found logger, addr:192.168.1.5:64723
    INFO cellappmgr-1 10103 6000  [2018-01-30 15:03:11 689] - Components::addComponent: reset orderLog, uid=10103!
    INFO cellappmgr-1 10103 6000  [2018-01-30 15:03:11 689] - Components::addComponent[logger], uid=10103, componentID=2000, globalorderid=1, grouporderid=1, totalcount=1
    INFO cellappmgr-1 10103 6000  [2018-01-30 15:03:11 701] - ---- cellappmgr Version: 1.1.0. ScriptVersion: 0.1.0. Protocol: 79F0CCB0577DA31EDFBEC6430BB77140. Config: Debug X64. Built: 11:59:57 Jan 30 2018. AppID: 6000. UID: 10103. PID: 10400 ----
    INFO cellappmgr-1 10103 6000  [2018-01-30 15:03:11 702] - Server : Intel(R) Core(TM) i5-6500 CPU @ 3.20GHz with 8266432kB RAM
    INFO cellappmgr-1 10103 6000  [2018-01-30 15:03:11 703] - ThreadPool::createThreadPool: creating  threadpool...
    INFO cellappmgr-1 10103 6000  [2018-01-30 15:03:11 703] - ThreadPool::createThreadPool: successfully(2), newThreadCount=1, normalMaxThreadCount=2, maxThreadCount=8
    INFO cellappmgr-1 10103 6000  [2018-01-30 15:03:12 225] - ---- cellappmgr is running ----
   DEBUG cellappmgr-1 10103 6000  [2018-01-30 15:03:12 234] - Components::process(): Request for the process of identity...
    INFO cellappmgr-1 10103 6000  [2018-01-30 15:03:19 384] - Components::findComponents: find dbmgr(1)...
    INFO cellappmgr-1 10103 6000  [2018-01-30 15:03:19 484] - Components::findComponents: found dbmgr, addr:192.168.1.5:64724
    INFO cellappmgr-1 10103 6000  [2018-01-30 15:03:19 484] - Components::addComponent: reset orderLog, uid=10103!
    INFO cellappmgr-1 10103 6000  [2018-01-30 15:03:19 484] - Components::addComponent[dbmgr], uid=10103, componentID=4000, globalorderid=1, grouporderid=1, totalcount=1
    INFO cellappmgr-1 10103 6000  [2018-01-30 15:03:19 485] - Components::findComponents: found dbmgr, addr:192.168.1.5:64724
    INFO cellappmgr-1 10103 6000  [2018-01-30 15:03:21 503] - Components::findComponents: find baseappmgr(1)...
    INFO cellappmgr-1 10103 6000  [2018-01-30 15:03:21 519] - Components::findComponents: found baseappmgr, addr:192.168.1.5:64727
    INFO cellappmgr-1 10103 6000  [2018-01-30 15:03:21 519] - Components::addComponent[baseappmgr], uid=10103, componentID=5000, globalorderid=2, grouporderid=1, totalcount=1
    INFO cellappmgr-1 10103 6000  [2018-01-30 15:03:21 520] - Components::findComponents: found baseappmgr, addr:192.168.1.5:64727
    INFO cellappmgr-1 10103 6000  [2018-01-30 15:03:23 144] - ServerApp::onRegisterNewApp: uid:10103, username:, componentType:baseappmgr, componentID:5000, globalorderID=-1, grouporderID=-1, intaddr:192.168.1.5, intport:64727, extaddr:nonsupport, extport:0,  from 192.168.1.5:64744/0/0/0.
    INFO cellappmgr-1 10103 6000  [2018-01-30 15:03:23 545] - Components::findComponents: register self to dbmgr...
    INFO cellappmgr-1 10103 6000  [2018-01-30 15:03:23 563] - Components::findComponents: register self to baseappmgr...
    INFO cellappmgr-1 10103 6000  [2018-01-30 15:03:23 569] - Components::process(): Found all the components!
    INFO cellappmgr-1 10103 6000  [2018-01-30 15:03:26 923] - ServerApp::onRegisterNewApp: uid:10103, username:, componentType:baseapp, componentID:7001, globalorderID=-1, grouporderID=-1, intaddr:192.168.1.5, intport:64737, extaddr:192.168.1.5, extport:20015,  from 192.168.1.5:64751/0/0/0.
    INFO cellappmgr-1 10103 6000  [2018-01-30 15:03:26 923] - Components::addComponent[baseapp], uid=10103, componentID=7001, globalorderid=3, grouporderid=1, totalcount=1
    INFO cellappmgr-1 10103 6000  [2018-01-30 15:03:27 103] - ServerApp::onRegisterNewApp: uid:10103, username:, componentType:cellapp, componentID:8001, globalorderID=-1, grouporderID=-1, intaddr:192.168.1.5, intport:64739, extaddr:nonsupport, extport:0,  from 192.168.1.5:64753/0/0/0.
    INFO cellappmgr-1 10103 6000  [2018-01-30 15:03:27 103] - Components::addComponent[cellapp], uid=10103, componentID=8001, globalorderid=4, grouporderid=1, totalcount=1
    INFO cellappmgr-1 10103 6000  [2018-01-30 15:03:27 104] - Cellappmgr::getCellapp: added new cellapp(8001).
    INFO cellappmgr-1 10103 6000  [2018-01-30 15:03:31 344] - Cellappmgr::onCellappInitProgress: cid=8001, progress=1.
   DEBUG cellappmgr-1 10103 6000  [2018-01-30 15:03:31 344] - Cellappmgr::addCellappComponentID: cellapp component id 8001, group order id 1
