    INFO baseappmgr-1 10103 5000  [2018-01-30 14:43:44 509] - -----------------------------------------------------------------------------------------


    INFO baseappmgr-1 10103 5000  [2018-01-30 14:43:44 521] - Resmgr::initialize: KBE_ROOT=D:/kbedemo/kbengine/
    INFO baseappmgr-1 10103 5000  [2018-01-30 14:43:44 521] - Resmgr::initialize: KBE_RES_PATH=D:/kbedemo/kbengine/kbe/res/;D:/kbedemo/kbengine/assets/;D:/kbedemo/kbengine/assets/scripts/;D:/kbedemo/kbengine/assets/res/
    INFO baseappmgr-1 10103 5000  [2018-01-30 14:43:44 521] - Resmgr::initialize: KBE_BIN_PATH=D:/kbedemo/kbengine/kbe/bin/server/
    INFO baseappmgr-1 10103 5000  [2018-01-30 14:43:44 532] - NetworkInterface::initialize(INTERNAL): bound to all interfaces with default route interface on 192.168.1.5 ( 192.168.1.5:64360 )
    INFO baseappmgr-1 10103 5000  [2018-01-30 14:43:44 533] - NetworkInterface::initialize(INTERNAL): address 192.168.1.5:64360, SOMAXCONN=5.
    INFO baseappmgr-1 10103 5000  [2018-01-30 14:43:44 533] - server-configs:
    INFO baseappmgr-1 10103 5000  [2018-01-30 14:43:44 533] - 	internalAddr : 192.168.1.5:64360
    INFO baseappmgr-1 10103 5000  [2018-01-30 14:43:44 533] - 	componentID : 5000
    INFO baseappmgr-1 10103 5000  [2018-01-30 14:43:44 634] - Components::findLogger: found logger, addr:192.168.1.5:64357
    INFO baseappmgr-1 10103 5000  [2018-01-30 14:43:44 634] - Components::addComponent: reset orderLog, uid=10103!
    INFO baseappmgr-1 10103 5000  [2018-01-30 14:43:44 634] - Components::addComponent[logger], uid=10103, componentID=2000, globalorderid=1, grouporderid=1, totalcount=1
    INFO baseappmgr-1 10103 5000  [2018-01-30 14:43:44 642] - ---- baseappmgr Version: 1.1.0. ScriptVersion: 0.1.0. Protocol: B52B61977A494A97AADAE2AA2ECC98E4. Config: Debug X64. Built: 12:01:03 Jan 30 2018. AppID: 5000. UID: 10103. PID: 19084 ----
    INFO baseappmgr-1 10103 5000  [2018-01-30 14:43:44 643] - Server : Intel(R) Core(TM) i5-6500 CPU @ 3.20GHz with 8266432kB RAM
    INFO baseappmgr-1 10103 5000  [2018-01-30 14:43:44 646] - ThreadPool::createThreadPool: creating  threadpool...
    INFO baseappmgr-1 10103 5000  [2018-01-30 14:43:44 647] - ThreadPool::createThreadPool: successfully(2), newThreadCount=1, normalMaxThreadCount=2, maxThreadCount=8
    INFO baseappmgr-1 10103 5000  [2018-01-30 14:43:45 211] - ---- baseappmgr is running ----
   DEBUG baseappmgr-1 10103 5000  [2018-01-30 14:43:45 211] - Components::process(): Request for the process of identity...
    INFO baseappmgr-1 10103 5000  [2018-01-30 14:43:52 326] - Components::findComponents: find dbmgr(1)...
    INFO baseappmgr-1 10103 5000  [2018-01-30 14:43:54 388] - Components::findComponents: find dbmgr(2)...
    INFO baseappmgr-1 10103 5000  [2018-01-30 14:43:56 408] - Components::findComponents: find dbmgr(3)...
    INFO baseappmgr-1 10103 5000  [2018-01-30 14:43:58 448] - Components::findComponents: find dbmgr(4)...
    INFO baseappmgr-1 10103 5000  [2018-01-30 14:44:00 469] - Components::findComponents: find dbmgr(5)...
    INFO baseappmgr-1 10103 5000  [2018-01-30 14:44:02 508] - Components::findComponents: find dbmgr(6)...
    INFO baseappmgr-1 10103 5000  [2018-01-30 14:44:04 528] - Components::findComponents: find dbmgr(7)...
    INFO baseappmgr-1 10103 5000  [2018-01-30 14:44:06 569] - Components::findComponents: find dbmgr(8)...
    INFO baseappmgr-1 10103 5000  [2018-01-30 14:44:08 588] - Components::findComponents: find dbmgr(9)...
    INFO baseappmgr-1 10103 5000  [2018-01-30 14:44:10 625] - Components::findComponents: find dbmgr(10)...
    INFO baseappmgr-1 10103 5000  [2018-01-30 14:44:12 668] - Components::findComponents: find dbmgr(11)...
    INFO baseappmgr-1 10103 5000  [2018-01-30 14:44:14 688] - Components::findComponents: find dbmgr(12)...
    INFO baseappmgr-1 10103 5000  [2018-01-30 14:44:16 725] - Components::findComponents: find dbmgr(13)...
    INFO baseappmgr-1 10103 5000  [2018-01-30 14:44:18 748] - Components::findComponents: find dbmgr(14)...
    INFO baseappmgr-1 10103 5000  [2018-01-30 14:44:20 788] - Components::findComponents: find dbmgr(15)...
    INFO baseappmgr-1 10103 5000  [2018-01-30 14:44:22 807] - Components::findComponents: find dbmgr(16)...
 WARNING baseappmgr-1 10103 5000  [2018-01-30 14:44:24 848] - Components::findComponents: find dbmgr(17)...
delay time is too long, please check the dbmgr logs!
 WARNING baseappmgr-1 10103 5000  [2018-01-30 14:44:26 868] - Components::findComponents: find dbmgr(18)...
delay time is too long, please check the dbmgr logs!
 WARNING baseappmgr-1 10103 5000  [2018-01-30 14:44:28 908] - Components::findComponents: find dbmgr(19)...
delay time is too long, please check the dbmgr logs!
 WARNING baseappmgr-1 10103 5000  [2018-01-30 14:44:30 948] - Components::findComponents: find dbmgr(20)...
delay time is too long, please check the dbmgr logs!
 WARNING baseappmgr-1 10103 5000  [2018-01-30 14:44:32 988] - Components::findComponents: find dbmgr(21)...
delay time is too long, please check the dbmgr logs!
 WARNING baseappmgr-1 10103 5000  [2018-01-30 14:44:35 008] - Components::findComponents: find dbmgr(22)...
delay time is too long, please check the dbmgr logs!
 WARNING baseappmgr-1 10103 5000  [2018-01-30 14:44:37 048] - Components::findComponents: find dbmgr(23)...
delay time is too long, please check the dbmgr logs!
 WARNING baseappmgr-1 10103 5000  [2018-01-30 14:44:39 088] - Components::findComponents: find dbmgr(24)...
delay time is too long, please check the dbmgr logs!
 WARNING baseappmgr-1 10103 5000  [2018-01-30 14:44:41 108] - Components::findComponents: find dbmgr(25)...
delay time is too long, please check the dbmgr logs!
 WARNING baseappmgr-1 10103 5000  [2018-01-30 14:44:43 148] - Components::findComponents: find dbmgr(26)...
delay time is too long, please check the dbmgr logs!
 WARNING baseappmgr-1 10103 5000  [2018-01-30 14:44:45 167] - Components::findComponents: find dbmgr(27)...
delay time is too long, please check the dbmgr logs!
 WARNING baseappmgr-1 10103 5000  [2018-01-30 14:44:47 208] - Components::findComponents: find dbmgr(28)...
delay time is too long, please check the dbmgr logs!
 WARNING baseappmgr-1 10103 5000  [2018-01-30 14:44:49 248] - Components::findComponents: find dbmgr(29)...
delay time is too long, please check the dbmgr logs!
    INFO baseappmgr-1 10103 5000  [2018-01-30 14:48:56 940] - -----------------------------------------------------------------------------------------


    INFO baseappmgr-1 10103 5000  [2018-01-30 14:48:56 941] - Resmgr::initialize: KBE_ROOT=D:/kbedemo/kbengine/
    INFO baseappmgr-1 10103 5000  [2018-01-30 14:48:56 941] - Resmgr::initialize: KBE_RES_PATH=D:/kbedemo/kbengine/kbe/res/;D:/kbedemo/kbengine/assets/;D:/kbedemo/kbengine/assets/scripts/;D:/kbedemo/kbengine/assets/res/
    INFO baseappmgr-1 10103 5000  [2018-01-30 14:48:56 941] - Resmgr::initialize: KBE_BIN_PATH=D:/kbedemo/kbengine/kbe/bin/server/
    INFO baseappmgr-1 10103 5000  [2018-01-30 14:48:56 948] - NetworkInterface::initialize(INTERNAL): bound to all interfaces with default route interface on 192.168.1.5 ( 192.168.1.5:64434 )
    INFO baseappmgr-1 10103 5000  [2018-01-30 14:48:56 949] - NetworkInterface::initialize(INTERNAL): address 192.168.1.5:64434, SOMAXCONN=5.
    INFO baseappmgr-1 10103 5000  [2018-01-30 14:48:56 949] - server-configs:
    INFO baseappmgr-1 10103 5000  [2018-01-30 14:48:56 949] - 	internalAddr : 192.168.1.5:64434
    INFO baseappmgr-1 10103 5000  [2018-01-30 14:48:56 949] - 	componentID : 5000
    INFO baseappmgr-1 10103 5000  [2018-01-30 14:48:56 989] - Components::findLogger: found logger, addr:192.168.1.5:64431
    INFO baseappmgr-1 10103 5000  [2018-01-30 14:48:56 989] - Components::addComponent: reset orderLog, uid=10103!
    INFO baseappmgr-1 10103 5000  [2018-01-30 14:48:56 989] - Components::addComponent[logger], uid=10103, componentID=2000, globalorderid=1, grouporderid=1, totalcount=1
    INFO baseappmgr-1 10103 5000  [2018-01-30 14:48:56 997] - ---- baseappmgr Version: 1.1.0. ScriptVersion: 0.1.0. Protocol: B52B61977A494A97AADAE2AA2ECC98E4. Config: Debug X64. Built: 12:01:03 Jan 30 2018. AppID: 5000. UID: 10103. PID: 7860 ----
    INFO baseappmgr-1 10103 5000  [2018-01-30 14:48:56 998] - Server : Intel(R) Core(TM) i5-6500 CPU @ 3.20GHz with 8266432kB RAM
    INFO baseappmgr-1 10103 5000  [2018-01-30 14:48:56 998] - ThreadPool::createThreadPool: creating  threadpool...
    INFO baseappmgr-1 10103 5000  [2018-01-30 14:48:56 998] - ThreadPool::createThreadPool: successfully(2), newThreadCount=1, normalMaxThreadCount=2, maxThreadCount=8
    INFO baseappmgr-1 10103 5000  [2018-01-30 14:48:57 515] - ---- baseappmgr is running ----
   DEBUG baseappmgr-1 10103 5000  [2018-01-30 14:48:57 516] - Components::process(): Request for the process of identity...
    INFO baseappmgr-1 10103 5000  [2018-01-30 14:49:04 639] - Components::findComponents: find dbmgr(1)...
    INFO baseappmgr-1 10103 5000  [2018-01-30 14:49:06 739] - Components::findComponents: find dbmgr(2)...
    INFO baseappmgr-1 10103 5000  [2018-01-30 14:49:08 779] - Components::findComponents: find dbmgr(3)...
    INFO baseappmgr-1 10103 5000  [2018-01-30 14:49:10 879] - Components::findComponents: find dbmgr(4)...
    INFO baseappmgr-1 10103 5000  [2018-01-30 14:49:12 899] - Components::findComponents: find dbmgr(5)...
    INFO baseappmgr-1 10103 5000  [2018-01-30 14:49:14 919] - Components::findComponents: find dbmgr(6)...
    INFO baseappmgr-1 10103 5000  [2018-01-30 14:49:16 939] - Components::findComponents: find dbmgr(7)...
    INFO baseappmgr-1 10103 5000  [2018-01-30 14:49:18 959] - Components::findComponents: find dbmgr(8)...
    INFO baseappmgr-1 10103 5000  [2018-01-30 14:49:20 979] - Components::findComponents: find dbmgr(9)...
    INFO baseappmgr-1 10103 5000  [2018-01-30 14:49:22 999] - Components::findComponents: find dbmgr(10)...
    INFO baseappmgr-1 10103 5000  [2018-01-30 14:49:25 019] - Components::findComponents: find dbmgr(11)...
    INFO baseappmgr-1 10103 5000  [2018-01-30 14:49:27 039] - Components::findComponents: find dbmgr(12)...
    INFO baseappmgr-1 10103 5000  [2018-01-30 14:49:29 059] - Components::findComponents: find dbmgr(13)...
    INFO baseappmgr-1 10103 5000  [2018-01-30 14:49:31 079] - Components::findComponents: find dbmgr(14)...
    INFO baseappmgr-1 10103 5000  [2018-01-30 14:49:33 099] - Components::findComponents: find dbmgr(15)...
    INFO baseappmgr-1 10103 5000  [2018-01-30 14:49:35 119] - Components::findComponents: find dbmgr(16)...
 WARNING baseappmgr-1 10103 5000  [2018-01-30 14:49:37 239] - Components::findComponents: find dbmgr(17)...
delay time is too long, please check the dbmgr logs!
 WARNING baseappmgr-1 10103 5000  [2018-01-30 14:49:39 342] - Components::findComponents: find dbmgr(18)...
delay time is too long, please check the dbmgr logs!
 WARNING baseappmgr-1 10103 5000  [2018-01-30 14:49:41 379] - Components::findComponents: find dbmgr(19)...
delay time is too long, please check the dbmgr logs!
 WARNING baseappmgr-1 10103 5000  [2018-01-30 14:49:43 420] - Components::findComponents: find dbmgr(20)...
delay time is too long, please check the dbmgr logs!
 WARNING baseappmgr-1 10103 5000  [2018-01-30 14:49:45 539] - Components::findComponents: find dbmgr(21)...
delay time is too long, please check the dbmgr logs!
 WARNING baseappmgr-1 10103 5000  [2018-01-30 14:49:47 579] - Components::findComponents: find dbmgr(22)...
delay time is too long, please check the dbmgr logs!
 WARNING baseappmgr-1 10103 5000  [2018-01-30 14:49:49 599] - Components::findComponents: find dbmgr(23)...
delay time is too long, please check the dbmgr logs!
 WARNING baseappmgr-1 10103 5000  [2018-01-30 14:49:51 639] - Components::findComponents: find dbmgr(24)...
delay time is too long, please check the dbmgr logs!
 WARNING baseappmgr-1 10103 5000  [2018-01-30 14:49:53 659] - Components::findComponents: find dbmgr(25)...
delay time is too long, please check the dbmgr logs!
 WARNING baseappmgr-1 10103 5000  [2018-01-30 14:49:55 699] - Components::findComponents: find dbmgr(26)...
delay time is too long, please check the dbmgr logs!
 WARNING baseappmgr-1 10103 5000  [2018-01-30 14:49:57 739] - Components::findComponents: find dbmgr(27)...
delay time is too long, please check the dbmgr logs!
 WARNING baseappmgr-1 10103 5000  [2018-01-30 14:49:59 759] - Components::findComponents: find dbmgr(28)...
delay time is too long, please check the dbmgr logs!
 WARNING baseappmgr-1 10103 5000  [2018-01-30 14:50:01 799] - Components::findComponents: find dbmgr(29)...
delay time is too long, please check the dbmgr logs!
 WARNING baseappmgr-1 10103 5000  [2018-01-30 14:50:03 839] - Components::findComponents: find dbmgr(30)...
delay time is too long, please check the dbmgr logs!
    INFO baseappmgr-1 10103 5000  [2018-01-30 14:58:02 632] - -----------------------------------------------------------------------------------------


    INFO baseappmgr-1 10103 5000  [2018-01-30 14:58:02 632] - Resmgr::initialize: KBE_ROOT=D:/kbedemo/kbengine/
    INFO baseappmgr-1 10103 5000  [2018-01-30 14:58:02 632] - Resmgr::initialize: KBE_RES_PATH=D:/kbedemo/kbengine/kbe/res/;D:/kbedemo/kbengine/assets/;D:/kbedemo/kbengine/assets/scripts/;D:/kbedemo/kbengine/assets/res/
    INFO baseappmgr-1 10103 5000  [2018-01-30 14:58:02 633] - Resmgr::initialize: KBE_BIN_PATH=D:/kbedemo/kbengine/kbe/bin/server/
    INFO baseappmgr-1 10103 5000  [2018-01-30 14:58:02 634] - NetworkInterface::initialize(INTERNAL): bound to all interfaces with default route interface on 192.168.1.5 ( 192.168.1.5:64516 )
    INFO baseappmgr-1 10103 5000  [2018-01-30 14:58:02 634] - NetworkInterface::initialize(INTERNAL): address 192.168.1.5:64516, SOMAXCONN=5.
    INFO baseappmgr-1 10103 5000  [2018-01-30 14:58:02 634] - server-configs:
    INFO baseappmgr-1 10103 5000  [2018-01-30 14:58:02 635] - 	internalAddr : 192.168.1.5:64516
    INFO baseappmgr-1 10103 5000  [2018-01-30 14:58:02 635] - 	componentID : 5000
    INFO baseappmgr-1 10103 5000  [2018-01-30 14:58:02 706] - Components::findLogger: found logger, addr:192.168.1.5:64513
    INFO baseappmgr-1 10103 5000  [2018-01-30 14:58:02 706] - Components::addComponent: reset orderLog, uid=10103!
    INFO baseappmgr-1 10103 5000  [2018-01-30 14:58:02 707] - Components::addComponent[logger], uid=10103, componentID=2000, globalorderid=1, grouporderid=1, totalcount=1
    INFO baseappmgr-1 10103 5000  [2018-01-30 14:58:02 718] - ---- baseappmgr Version: 1.1.0. ScriptVersion: 0.1.0. Protocol: B52B61977A494A97AADAE2AA2ECC98E4. Config: Debug X64. Built: 12:01:03 Jan 30 2018. AppID: 5000. UID: 10103. PID: 16540 ----
    INFO baseappmgr-1 10103 5000  [2018-01-30 14:58:02 720] - Server : Intel(R) Core(TM) i5-6500 CPU @ 3.20GHz with 8266432kB RAM
    INFO baseappmgr-1 10103 5000  [2018-01-30 14:58:02 720] - ThreadPool::createThreadPool: creating  threadpool...
    INFO baseappmgr-1 10103 5000  [2018-01-30 14:58:02 720] - ThreadPool::createThreadPool: successfully(2), newThreadCount=1, normalMaxThreadCount=2, maxThreadCount=8
    INFO baseappmgr-1 10103 5000  [2018-01-30 14:58:03 265] - ---- baseappmgr is running ----
   DEBUG baseappmgr-1 10103 5000  [2018-01-30 14:58:03 265] - Components::process(): Request for the process of identity...
    INFO baseappmgr-1 10103 5000  [2018-01-30 14:58:10 401] - Components::findComponents: find dbmgr(1)...
    INFO baseappmgr-1 10103 5000  [2018-01-30 15:02:00 949] - -----------------------------------------------------------------------------------------


    INFO baseappmgr-1 10103 5000  [2018-01-30 15:02:00 950] - Resmgr::initialize: KBE_ROOT=D:/kbedemo/kbengine/
    INFO baseappmgr-1 10103 5000  [2018-01-30 15:02:00 951] - Resmgr::initialize: KBE_RES_PATH=D:/kbedemo/kbengine/kbe/res/;D:/kbedemo/kbengine/assets/;D:/kbedemo/kbengine/assets/scripts/;D:/kbedemo/kbengine/assets/res/
    INFO baseappmgr-1 10103 5000  [2018-01-30 15:02:00 951] - Resmgr::initialize: KBE_BIN_PATH=D:/kbedemo/kbengine/kbe/bin/server/
    INFO baseappmgr-1 10103 5000  [2018-01-30 15:02:00 952] - NetworkInterface::initialize(INTERNAL): bound to all interfaces with default route interface on 192.168.1.5 ( 192.168.1.5:64712 )
    INFO baseappmgr-1 10103 5000  [2018-01-30 15:02:00 952] - NetworkInterface::initialize(INTERNAL): address 192.168.1.5:64712, SOMAXCONN=5.
    INFO baseappmgr-1 10103 5000  [2018-01-30 15:02:00 953] - server-configs:
    INFO baseappmgr-1 10103 5000  [2018-01-30 15:02:00 953] - 	internalAddr : 192.168.1.5:64712
    INFO baseappmgr-1 10103 5000  [2018-01-30 15:02:00 953] - 	componentID : 5000
    INFO baseappmgr-1 10103 5000  [2018-01-30 15:02:00 958] - Components::findLogger: found logger, addr:192.168.1.5:64709
    INFO baseappmgr-1 10103 5000  [2018-01-30 15:02:00 959] - Components::addComponent: reset orderLog, uid=10103!
    INFO baseappmgr-1 10103 5000  [2018-01-30 15:02:00 959] - Components::addComponent[logger], uid=10103, componentID=2000, globalorderid=1, grouporderid=1, totalcount=1
    INFO baseappmgr-1 10103 5000  [2018-01-30 15:02:00 970] - ---- baseappmgr Version: 1.1.0. ScriptVersion: 0.1.0. Protocol: B52B61977A494A97AADAE2AA2ECC98E4. Config: Debug X64. Built: 12:01:03 Jan 30 2018. AppID: 5000. UID: 10103. PID: 5096 ----
    INFO baseappmgr-1 10103 5000  [2018-01-30 15:02:00 970] - Server : Intel(R) Core(TM) i5-6500 CPU @ 3.20GHz with 8266432kB RAM
    INFO baseappmgr-1 10103 5000  [2018-01-30 15:02:00 970] - ThreadPool::createThreadPool: creating  threadpool...
    INFO baseappmgr-1 10103 5000  [2018-01-30 15:02:00 971] - ThreadPool::createThreadPool: successfully(2), newThreadCount=1, normalMaxThreadCount=2, maxThreadCount=8
    INFO baseappmgr-1 10103 5000  [2018-01-30 15:02:01 535] - ---- baseappmgr is running ----
   DEBUG baseappmgr-1 10103 5000  [2018-01-30 15:02:01 535] - Components::process(): Request for the process of identity...
    INFO baseappmgr-1 10103 5000  [2018-01-30 15:02:08 672] - Components::findComponents: find dbmgr(1)...
    INFO baseappmgr-1 10103 5000  [2018-01-30 15:02:10 691] - Components::findComponents: find dbmgr(2)...
    INFO baseappmgr-1 10103 5000  [2018-01-30 15:03:11 205] - -----------------------------------------------------------------------------------------


    INFO baseappmgr-1 10103 5000  [2018-01-30 15:03:11 206] - Resmgr::initialize: KBE_ROOT=D:/kbedemo/kbengine/
    INFO baseappmgr-1 10103 5000  [2018-01-30 15:03:11 206] - Resmgr::initialize: KBE_RES_PATH=D:/kbedemo/kbengine/kbe/res/;D:/kbedemo/kbengine/assets/;D:/kbedemo/kbengine/assets/scripts/;D:/kbedemo/kbengine/assets/res/
    INFO baseappmgr-1 10103 5000  [2018-01-30 15:03:11 206] - Resmgr::initialize: KBE_BIN_PATH=D:/kbedemo/kbengine/kbe/bin/server/
    INFO baseappmgr-1 10103 5000  [2018-01-30 15:03:11 216] - NetworkInterface::initialize(INTERNAL): bound to all interfaces with default route interface on 192.168.1.5 ( 192.168.1.5:64727 )
    INFO baseappmgr-1 10103 5000  [2018-01-30 15:03:11 216] - NetworkInterface::initialize(INTERNAL): address 192.168.1.5:64727, SOMAXCONN=5.
    INFO baseappmgr-1 10103 5000  [2018-01-30 15:03:11 216] - server-configs:
    INFO baseappmgr-1 10103 5000  [2018-01-30 15:03:11 216] - 	internalAddr : 192.168.1.5:64727
    INFO baseappmgr-1 10103 5000  [2018-01-30 15:03:11 216] - 	componentID : 5000
    INFO baseappmgr-1 10103 5000  [2018-01-30 15:03:11 285] - Components::findLogger: found logger, addr:192.168.1.5:64723
    INFO baseappmgr-1 10103 5000  [2018-01-30 15:03:11 285] - Components::addComponent: reset orderLog, uid=10103!
    INFO baseappmgr-1 10103 5000  [2018-01-30 15:03:11 286] - Components::addComponent[logger], uid=10103, componentID=2000, globalorderid=1, grouporderid=1, totalcount=1
    INFO baseappmgr-1 10103 5000  [2018-01-30 15:03:11 291] - ---- baseappmgr Version: 1.1.0. ScriptVersion: 0.1.0. Protocol: B52B61977A494A97AADAE2AA2ECC98E4. Config: Debug X64. Built: 12:01:03 Jan 30 2018. AppID: 5000. UID: 10103. PID: 3968 ----
    INFO baseappmgr-1 10103 5000  [2018-01-30 15:03:11 293] - Server : Intel(R) Core(TM) i5-6500 CPU @ 3.20GHz with 8266432kB RAM
    INFO baseappmgr-1 10103 5000  [2018-01-30 15:03:11 293] - ThreadPool::createThreadPool: creating  threadpool...
    INFO baseappmgr-1 10103 5000  [2018-01-30 15:03:11 293] - ThreadPool::createThreadPool: successfully(2), newThreadCount=1, normalMaxThreadCount=2, maxThreadCount=8
    INFO baseappmgr-1 10103 5000  [2018-01-30 15:03:11 880] - ---- baseappmgr is running ----
   DEBUG baseappmgr-1 10103 5000  [2018-01-30 15:03:11 881] - Components::process(): Request for the process of identity...
    INFO baseappmgr-1 10103 5000  [2018-01-30 15:03:19 014] - Components::findComponents: find dbmgr(1)...
    INFO baseappmgr-1 10103 5000  [2018-01-30 15:03:19 080] - Components::findComponents: found dbmgr, addr:192.168.1.5:64724
    INFO baseappmgr-1 10103 5000  [2018-01-30 15:03:19 080] - Components::addComponent: reset orderLog, uid=10103!
    INFO baseappmgr-1 10103 5000  [2018-01-30 15:03:19 080] - Components::addComponent[dbmgr], uid=10103, componentID=4000, globalorderid=1, grouporderid=1, totalcount=1
    INFO baseappmgr-1 10103 5000  [2018-01-30 15:03:19 081] - Components::findComponents: found dbmgr, addr:192.168.1.5:64724
    INFO baseappmgr-1 10103 5000  [2018-01-30 15:03:21 094] - Components::findComponents: find cellappmgr(1)...
    INFO baseappmgr-1 10103 5000  [2018-01-30 15:03:21 112] - Components::findComponents: found cellappmgr, addr:192.168.1.5:64735
    INFO baseappmgr-1 10103 5000  [2018-01-30 15:03:21 112] - Components::addComponent[cellappmgr], uid=10103, componentID=6000, globalorderid=2, grouporderid=1, totalcount=1
    INFO baseappmgr-1 10103 5000  [2018-01-30 15:03:21 113] - Components::findComponents: found cellappmgr, addr:192.168.1.5:64735
    INFO baseappmgr-1 10103 5000  [2018-01-30 15:03:23 115] - Components::findComponents: register self to dbmgr...
    INFO baseappmgr-1 10103 5000  [2018-01-30 15:03:23 134] - Components::findComponents: register self to cellappmgr...
    INFO baseappmgr-1 10103 5000  [2018-01-30 15:03:23 154] - Components::process(): Found all the components!
    INFO baseappmgr-1 10103 5000  [2018-01-30 15:03:23 574] - ServerApp::onRegisterNewApp: uid:10103, username:, componentType:cellappmgr, componentID:6000, globalorderID=-1, grouporderID=-1, intaddr:192.168.1.5, intport:64735, extaddr:nonsupport, extport:0,  from 192.168.1.5:64746/0/0/0.
    INFO baseappmgr-1 10103 5000  [2018-01-30 15:03:25 854] - ServerApp::onRegisterNewApp: uid:10103, username:, componentType:loginapp, componentID:9000, globalorderID=-1, grouporderID=-1, intaddr:192.168.1.5, intport:64741, extaddr:192.168.1.5, extport:20013,  from 192.168.1.5:64748/0/0/0.
    INFO baseappmgr-1 10103 5000  [2018-01-30 15:03:25 854] - Components::addComponent[loginapp], uid=10103, componentID=9000, globalorderid=3, grouporderid=1, totalcount=1
    INFO baseappmgr-1 10103 5000  [2018-01-30 15:03:26 854] - ServerApp::onRegisterNewApp: uid:10103, username:, componentType:baseapp, componentID:7001, globalorderID=-1, grouporderID=-1, intaddr:192.168.1.5, intport:64737, extaddr:192.168.1.5, extport:20015,  from 192.168.1.5:64750/0/0/0.
    INFO baseappmgr-1 10103 5000  [2018-01-30 15:03:26 854] - Components::addComponent[baseapp], uid=10103, componentID=7001, globalorderid=4, grouporderid=1, totalcount=1
    INFO baseappmgr-1 10103 5000  [2018-01-30 15:03:27 114] - ServerApp::onRegisterNewApp: uid:10103, username:, componentType:cellapp, componentID:8001, globalorderID=-1, grouporderID=-1, intaddr:192.168.1.5, intport:64739, extaddr:nonsupport, extport:0,  from 192.168.1.5:64755/0/0/0.
    INFO baseappmgr-1 10103 5000  [2018-01-30 15:03:27 114] - Components::addComponent[cellapp], uid=10103, componentID=8001, globalorderid=5, grouporderid=1, totalcount=1
    INFO baseappmgr-1 10103 5000  [2018-01-30 15:03:32 114] - Baseappmgr::onBaseappInitProgress: cid=7001, progress=1.
    INFO baseappmgr-1 10103 5000  [2018-01-30 15:03:32 114] - Baseappmgr::onBaseappInitProgress: all completed!
    INFO baseappmgr-1 10103 5000  [2018-01-30 15:04:23 133] - ServerApp::onChannelTimeOut: Channel 192.168.1.5:64735/0/0/0 timed out.
