  applink.c
..\..\lib\dependencies\openssl\include\openssl\applink.c(106): warning C4996: 'fopen': This function or variable may be unsafe. Consider using fopen_s instead. To disable deprecation, use _CRT_SECURE_NO_WARNINGS. See online help for details.
  C:\Program Files (x86)\Windows Kits\10\Include\10.0.16299.0\ucrt\stdio.h(207): note: 参见“fopen”的声明
..\..\lib\dependencies\openssl\include\openssl\applink.c(114): warning C4996: '_open': This function or variable may be unsafe. Consider using _sopen_s instead. To disable deprecation, use _CRT_SECURE_NO_WARNINGS. See online help for details.
  C:\Program Files (x86)\Windows Kits\10\Include\10.0.16299.0\ucrt\corecrt_io.h(419): note: 参见“_open”的声明
  cell.cpp
  cellapp.cpp
d:\kbedemo\kbengine\kbe\src\server\cellappmgr\cellapp.h(60): warning C4267: “return”: 从“size_t”转换到“KBEngine::ENTITY_ID”，可能丢失数据
  cellappmgr.cpp
d:\kbedemo\kbengine\kbe\src\server\cellappmgr\cellapp.h(60): warning C4267: “return”: 从“size_t”转换到“KBEngine::ENTITY_ID”，可能丢失数据
cellappmgr.cpp(358): warning C4267: “初始化”: 从“size_t”转换到“KBEngine::uint32”，可能丢失数据
  cellappmgr_interface.cpp
d:\kbedemo\kbengine\kbe\src\server\cellappmgr\cellapp.h(60): warning C4267: “return”: 从“size_t”转换到“KBEngine::ENTITY_ID”，可能丢失数据
  cells.cpp
  main.cpp
d:\kbedemo\kbengine\kbe\src\server\cellappmgr\cellapp.h(60): warning C4267: “return”: 从“size_t”转换到“KBEngine::ENTITY_ID”，可能丢失数据
  space.cpp
  spaces.cpp
  space_viewer.cpp
d:\kbedemo\kbengine\kbe\src\server\cellappmgr\cellapp.h(60): warning C4267: “return”: 从“size_t”转换到“KBEngine::ENTITY_ID”，可能丢失数据
  正在生成代码...
    正在创建库 ../../../bin/server/cellappmgr.lib 和对象 ../../../bin/server/cellappmgr.exp
  cellappmgr.vcxproj -> D:\kbedemo\kbengine\kbe\src\server\cellappmgr\../../../bin/server/cellappmgr.exe
