  applink.c
..\..\lib\dependencies\openssl\include\openssl\applink.c(106): warning C4996: 'fopen': This function or variable may be unsafe. Consider using fopen_s instead. To disable deprecation, use _CRT_SECURE_NO_WARNINGS. See online help for details.
  C:\Program Files (x86)\Windows Kits\10\Include\10.0.16299.0\ucrt\stdio.h(207): note: 参见“fopen”的声明
..\..\lib\dependencies\openssl\include\openssl\applink.c(114): warning C4996: '_open': This function or variable may be unsafe. Consider using _sopen_s instead. To disable deprecation, use _CRT_SECURE_NO_WARNINGS. See online help for details.
  C:\Program Files (x86)\Windows Kits\10\Include\10.0.16299.0\ucrt\corecrt_io.h(419): note: 参见“_open”的声明
  getbuildinfo.c
  正在生成代码...
  http_cb_handler.cpp
http_cb_handler.cpp(73): warning C4244: “参数”: 从“KBEngine::KBESOCKET”转换到“int”，可能丢失数据
http_cb_handler.cpp(84): warning C4244: “参数”: 从“KBEngine::KBESOCKET”转换到“int”，可能丢失数据
http_cb_handler.cpp(110): warning C4244: “参数”: 从“KBEngine::KBESOCKET”转换到“int”，可能丢失数据
http_cb_handler.cpp(113): warning C4244: “参数”: 从“KBEngine::KBESOCKET”转换到“int”，可能丢失数据
http_cb_handler.cpp(139): warning C4244: “参数”: 从“KBEngine::KBESOCKET”转换到“int”，可能丢失数据
http_cb_handler.cpp(148): warning C4244: “参数”: 从“KBEngine::KBESOCKET”转换到“int”，可能丢失数据
http_cb_handler.cpp(163): warning C4244: “参数”: 从“KBEngine::KBESOCKET”转换到“int”，可能丢失数据
http_cb_handler.cpp(350): warning C4244: “参数”: 从“KBEngine::KBESOCKET”转换到“int”，可能丢失数据
  loginapp.cpp
d:\kbedemo\kbengine\kbe\src\lib\dependencies\jwsmtp\jwsmtp\jwsmtp\compat.h(95): warning C4996: 'inet_addr': Use inet_pton() or InetPton() instead or define _WINSOCK_DEPRECATED_NO_WARNINGS to disable deprecated API warnings
  C:\Program Files (x86)\Windows Kits\10\Include\10.0.16299.0\um\winsock2.h(1830): note: 参见“inet_addr”的声明
d:\kbedemo\kbengine\kbe\src\lib\dependencies\jwsmtp\jwsmtp\jwsmtp\compat.h(130): warning C4996: 'inet_addr': Use inet_pton() or InetPton() instead or define _WINSOCK_DEPRECATED_NO_WARNINGS to disable deprecated API warnings
  C:\Program Files (x86)\Windows Kits\10\Include\10.0.16299.0\um\winsock2.h(1830): note: 参见“inet_addr”的声明
C:\Program Files (x86)\Microsoft Visual Studio\2017\Community\VC\Tools\MSVC\14.12.25827\include\xutility(2430): warning C4996: 'std::copy::_Unchecked_iterators::_Deprecate': Call to 'std::copy' with parameters that may be unsafe - this call relies on the caller to check that the passed values are correct. To disable this warning, use -D_SCL_SECURE_NO_WARNINGS. See documentation on how to use Visual C++ 'Checked Iterators'
  C:\Program Files (x86)\Microsoft Visual Studio\2017\Community\VC\Tools\MSVC\14.12.25827\include\xutility(2430): note: 参见“std::copy::_Unchecked_iterators::_Deprecate”的声明
  d:\kbedemo\kbengine\kbe\src\lib\dependencies\jwsmtp\jwsmtp\jwsmtp\compat.h(119): note: 参见对正在编译的函数 模板 实例化“_OutIt *std::copy<char*,char*>(_InIt,_InIt,_OutIt)”的引用
          with
          [
              _OutIt=char *,
              _InIt=char *
          ]
  loginapp_interface.cpp
  main.cpp
  profile.cpp
  正在生成代码...
    正在创建库 ../../../bin/server/loginapp.lib 和对象 ../../../bin/server/loginapp.exp
  loginapp.vcxproj -> D:\kbedemo\kbengine\kbe\src\server\loginapp\../../../bin/server/loginapp.exe
