  apps.c
..\..\apps\apps.c(2420): warning C4244: “-=”: 从“__int64”转换到“int”，可能丢失数据
..\..\apps\apps.c(2773): warning C4267: “=”: 从“size_t”转换到“unsigned char”，可能丢失数据
..\..\apps\apps.c(2779): warning C4267: “=”: 从“size_t”转换到“unsigned short”，可能丢失数据
..\..\apps\apps.c(2912): warning C4267: “函数”: 从“size_t”转换到“int”，可能丢失数据
..\..\apps\apps.c(2917): warning C4267: “函数”: 从“size_t”转换到“int”，可能丢失数据
  app_rand.c
  aes_cbc.c
  aes_cfb.c
  aes_core.c
  aes_ctr.c
  aes_ecb.c
  aes_ige.c
  aes_misc.c
  aes_ofb.c
  aes_wrap.c
..\..\crypto\aes\aes_wrap.c(63): warning C4267: “return”: 从“size_t”转换到“int”，可能丢失数据
..\..\crypto\aes\aes_wrap.c(71): warning C4267: “return”: 从“size_t”转换到“int”，可能丢失数据
  ameth_lib.c
  asn1_err.c
  asn1_gen.c
..\..\crypto\asn1\asn1_gen.c(212): warning C4244: “-=”: 从“__int64”转换到“int”，可能丢失数据
..\..\crypto\asn1\asn1_gen.c(309): warning C4244: “=”: 从“__int64”转换到“int”，可能丢失数据
..\..\crypto\asn1\asn1_gen.c(310): warning C4244: “=”: 从“__int64”转换到“int”，可能丢失数据
..\..\crypto\asn1\asn1_gen.c(418): warning C4244: “-=”: 从“__int64”转换到“int”，可能丢失数据
  asn1_lib.c
..\..\crypto\asn1\asn1_lib.c(325): warning C4244: “-=”: 从“__int64”转换到“long”，可能丢失数据
..\..\crypto\asn1\asn1_lib.c(331): warning C4244: “=”: 从“__int64”转换到“long”，可能丢失数据
..\..\crypto\asn1\asn1_lib.c(459): warning C4311: “类型转换”: 从“const unsigned char *”到“unsigned long”的指针截断
  asn1_par.c
..\..\crypto\asn1\asn1_par.c(156): warning C4244: “=”: 从“__int64”转换到“int”，可能丢失数据
..\..\crypto\asn1\asn1_par.c(187): warning C4244: “函数”: 从“__int64”转换到“int”，可能丢失数据
..\..\crypto\asn1\asn1_par.c(199): warning C4244: “函数”: 从“__int64”转换到“int”，可能丢失数据
  asn_mime.c
  asn_moid.c
  asn_pack.c
  a_bitstr.c
  正在生成代码...
  正在编译...
  a_bool.c
  a_bytes.c
..\..\crypto\asn1\a_bytes.c(273): warning C4244: “函数”: 从“__int64”转换到“long”，可能丢失数据
..\..\crypto\asn1\a_bytes.c(285): warning C4244: “-=”: 从“__int64”转换到“long”，可能丢失数据
  a_d2i_fp.c
..\..\crypto\asn1\a_d2i_fp.c(170): warning C4267: “函数”: 从“size_t”转换到“int”，可能丢失数据
..\..\crypto\asn1\a_d2i_fp.c(188): warning C4267: “函数”: 从“size_t”转换到“long”，可能丢失数据
..\..\crypto\asn1\a_d2i_fp.c(198): warning C4244: “=”: 从“__int64”转换到“int”，可能丢失数据
..\..\crypto\asn1\a_d2i_fp.c(231): warning C4267: “函数”: 从“size_t”转换到“int”，可能丢失数据
..\..\crypto\asn1\a_d2i_fp.c(263): warning C4267: “return”: 从“size_t”转换到“int”，可能丢失数据
  a_digest.c
  a_dup.c
  a_enum.c
  a_gentm.c
  a_i2d_fp.c
  a_int.c
  a_mbstr.c
  a_object.c
  a_octet.c
  a_print.c
  a_set.c
..\..\crypto\asn1\a_set.c(133): warning C4244: “=”: 从“__int64”转换到“int”，可能丢失数据
..\..\crypto\asn1\a_set.c(137): warning C4244: “=”: 从“__int64”转换到“int”，可能丢失数据
..\..\crypto\asn1\a_set.c(184): warning C4244: “函数”: 从“__int64”转换到“long”，可能丢失数据
..\..\crypto\asn1\a_set.c(204): warning C4244: “=”: 从“__int64”转换到“long”，可能丢失数据
  a_sign.c
..\..\crypto\asn1\a_sign.c(313): warning C4267: “=”: 从“size_t”转换到“int”，可能丢失数据
..\..\crypto\asn1\a_sign.c(330): warning C4267: “return”: 从“size_t”转换到“int”，可能丢失数据
  a_strex.c
  a_strnid.c
  a_time.c
  a_type.c
  a_utctm.c
  正在生成代码...
  正在编译...
  a_utf8.c
  a_verify.c
  bio_asn1.c
..\..\crypto\asn1\bio_asn1.c(342): warning C4267: “函数”: 从“size_t”转换到“int”，可能丢失数据
  bio_ndef.c
..\..\crypto\asn1\bio_ndef.c(175): warning C4244: “=”: 从“__int64”转换到“int”，可能丢失数据
..\..\crypto\asn1\bio_ndef.c(245): warning C4244: “=”: 从“__int64”转换到“int”，可能丢失数据
  d2i_pr.c
  d2i_pu.c
  evp_asn1.c
..\..\crypto\asn1\evp_asn1.c(167): warning C4244: “-=”: 从“__int64”转换到“long”，可能丢失数据
..\..\crypto\asn1\evp_asn1.c(171): warning C4244: “-=”: 从“__int64”转换到“long”，可能丢失数据
  f_enum.c
  f_int.c
  f_string.c
  i2d_pr.c
  i2d_pu.c
  nsseq.c
  n_pkey.c
  p5_pbe.c
  p5_pbev2.c
  p8_pkey.c
  tasn_dec.c
..\..\crypto\asn1\tasn_dec.c(379): warning C4244: “=”: 从“__int64”转换到“long”，可能丢失数据
..\..\crypto\asn1\tasn_dec.c(426): warning C4244: “-=”: 从“__int64”转换到“long”，可能丢失数据
..\..\crypto\asn1\tasn_dec.c(457): warning C4244: “-=”: 从“__int64”转换到“long”，可能丢失数据
..\..\crypto\asn1\tasn_dec.c(492): warning C4244: “函数”: 从“__int64”转换到“int”，可能丢失数据
..\..\crypto\asn1\tasn_dec.c(564): warning C4244: “-=”: 从“__int64”转换到“long”，可能丢失数据
..\..\crypto\asn1\tasn_dec.c(661): warning C4244: “-=”: 从“__int64”转换到“long”，可能丢失数据
..\..\crypto\asn1\tasn_dec.c(672): warning C4244: “-=”: 从“__int64”转换到“long”，可能丢失数据
..\..\crypto\asn1\tasn_dec.c(792): warning C4244: “=”: 从“__int64”转换到“long”，可能丢失数据
..\..\crypto\asn1\tasn_dec.c(794): warning C4244: “=”: 从“__int64”转换到“long”，可能丢失数据
..\..\crypto\asn1\tasn_dec.c(818): warning C4267: “=”: 从“size_t”转换到“long”，可能丢失数据
..\..\crypto\asn1\tasn_dec.c(1029): warning C4244: “-=”: 从“__int64”转换到“long”，可能丢失数据
..\..\crypto\asn1\tasn_dec.c(1102): warning C4244: “-=”: 从“__int64”转换到“long”，可能丢失数据
..\..\crypto\asn1\tasn_dec.c(1116): warning C4267: “=”: 从“size_t”转换到“int”，可能丢失数据
..\..\crypto\asn1\tasn_dec.c(1174): warning C4244: “=”: 从“__int64”转换到“int”，可能丢失数据
..\..\crypto\asn1\tasn_dec.c(1212): warning C4244: “=”: 从“__int64”转换到“long”，可能丢失数据
  tasn_enc.c
  tasn_fre.c
  正在生成代码...
  正在编译...
  tasn_new.c
  tasn_prn.c
  tasn_typ.c
  tasn_utl.c
  t_bitst.c
  t_crl.c
  t_pkey.c
  t_req.c
  t_spki.c
  t_x509.c
..\..\crypto\asn1\t_x509.c(532): warning C4244: “=”: 从“__int64”转换到“int”，可能丢失数据
  t_x509a.c
  x_algor.c
  x_attrib.c
  x_bignum.c
  x_crl.c
  x_exten.c
  x_info.c
  x_long.c
  x_name.c
..\..\crypto\asn1\x_name.c(253): warning C4267: “=”: 从“size_t”转换到“int”，可能丢失数据
..\..\crypto\asn1\x_name.c(483): warning C4244: “=”: 从“__int64”转换到“int”，可能丢失数据
  x_nx509.c
  正在生成代码...
  正在编译...
  x_pkey.c
..\..\crypto\asn1\x_pkey.c(79): warning C4244: “-=”: 从“__int64”转换到“long”，可能丢失数据
..\..\crypto\asn1\x_pkey.c(80): warning C4244: “-=”: 从“__int64”转换到“long”，可能丢失数据
  x_pubkey.c
  x_req.c
  x_sig.c
  x_spki.c
  x_val.c
  x_x509.c
..\..\crypto\asn1\x_x509.c(188): warning C4244: “-=”: 从“__int64”转换到“long”，可能丢失数据
  x_x509a.c
  bf_cfb64.c
  bf_ecb.c
  bf_enc.c
  bf_ofb64.c
  bf_skey.c
  bf_buff.c
  bf_nbio.c
  bf_null.c
  bio_cb.c
  bio_err.c
  bio_lib.c
  bss_acpt.c
  正在生成代码...
  正在编译...
  bss_bio.c
..\..\crypto\bio\bss_bio.c(259): warning C4267: “return”: 从“size_t”转换到“int”，可能丢失数据
..\..\crypto\bio\bss_bio.c(299): warning C4267: “=”: 从“size_t”转换到“long”，可能丢失数据
..\..\crypto\bio\bss_bio.c(302): warning C4267: “=”: 从“size_t”转换到“long”，可能丢失数据
..\..\crypto\bio\bss_bio.c(408): warning C4267: “return”: 从“size_t”转换到“int”，可能丢失数据
..\..\crypto\bio\bss_bio.c(463): warning C4267: “return”: 从“size_t”转换到“long”，可能丢失数据
..\..\crypto\bio\bss_bio.c(552): warning C4267: “=”: 从“size_t”转换到“long”，可能丢失数据
..\..\crypto\bio\bss_bio.c(774): warning C4267: “函数”: 从“size_t”转换到“long”，可能丢失数据
..\..\crypto\bio\bss_bio.c(779): warning C4267: “函数”: 从“size_t”转换到“long”，可能丢失数据
  bss_conn.c
  bss_dgram.c
  bss_fd.c
  bss_file.c
..\..\crypto\bio\bss_file.c(245): warning C4267: “=”: 从“size_t”转换到“int”，可能丢失数据
..\..\crypto\bio\bss_file.c(247): warning C4267: “=”: 从“size_t”转换到“int”，可能丢失数据
..\..\crypto\bio\bss_file.c(265): warning C4267: “=”: 从“size_t”转换到“int”，可能丢失数据
..\..\crypto\bio\bss_file.c(267): warning C4267: “=”: 从“size_t”转换到“int”，可能丢失数据
  bss_log.c
  bss_mem.c
..\..\crypto\bio\bss_mem.c(189): warning C4267: “=”: 从“size_t”转换到“int”，可能丢失数据
..\..\crypto\bio\bss_mem.c(276): warning C4267: “=”: 从“size_t”转换到“int”，可能丢失数据
  bss_null.c
  bss_sock.c
  b_dump.c
..\..\crypto\bio\b_dump.c(156): warning C4267: “return”: 从“size_t”转换到“int”，可能丢失数据
..\..\crypto\bio\b_dump.c(172): warning C4267: “函数”: 从“size_t”转换到“int”，可能丢失数据
  b_print.c
..\..\crypto\bio\b_print.c(186): warning C4267: “=”: 从“size_t”转换到“int”，可能丢失数据
..\..\crypto\bio\b_print.c(367): warning C4267: “=”: 从“size_t”转换到“int”，可能丢失数据
..\..\crypto\bio\b_print.c(373): warning C4311: “类型转换”: 从“void *”到“long”的指针截断
..\..\crypto\bio\b_print.c(381): warning C4267: “=”: 从“size_t”转换到“short”，可能丢失数据
..\..\crypto\bio\b_print.c(393): warning C4267: “=”: 从“size_t”转换到“int”，可能丢失数据
  b_sock.c
..\..\crypto\bio\b_sock.c(377): warning C4996: 'gethostbyname': Use getaddrinfo() or GetAddrInfoW() instead or define _WINSOCK_DEPRECATED_NO_WARNINGS to disable deprecated API warnings
  C:\Program Files (x86)\Windows Kits\10\Include\10.0.16299.0\um\winsock2.h(2218): note: 参见“gethostbyname”的声明
..\..\crypto\bio\b_sock.c(697): warning C4267: “=”: 从“size_t”转换到“int”，可能丢失数据
  bn_add.c
  bn_asm.c
  bn_blind.c
  bn_const.c
  bn_ctx.c
  bn_depr.c
  bn_div.c
  bn_err.c
  正在生成代码...
  正在编译...
  bn_exp.c
  bn_exp2.c
  bn_gcd.c
  bn_gf2m.c
  bn_kron.c
  bn_lib.c
  bn_mod.c
  bn_mont.c
  bn_mpi.c
  bn_mul.c
  bn_nist.c
  bn_prime.c
  bn_print.c
  bn_rand.c
  bn_recp.c
  bn_shift.c
  bn_sqr.c
  bn_sqrt.c
  bn_word.c
  bn_x931p.c
  正在生成代码...
  正在编译...
  buffer.c
..\..\crypto\buffer\buffer.c(104): warning C4267: “return”: 从“size_t”转换到“int”，可能丢失数据
..\..\crypto\buffer\buffer.c(109): warning C4267: “return”: 从“size_t”转换到“int”，可能丢失数据
..\..\crypto\buffer\buffer.c(130): warning C4267: “return”: 从“size_t”转换到“int”，可能丢失数据
..\..\crypto\buffer\buffer.c(141): warning C4267: “return”: 从“size_t”转换到“int”，可能丢失数据
..\..\crypto\buffer\buffer.c(146): warning C4267: “return”: 从“size_t”转换到“int”，可能丢失数据
..\..\crypto\buffer\buffer.c(157): warning C4267: “函数”: 从“size_t”转换到“int”，可能丢失数据
..\..\crypto\buffer\buffer.c(167): warning C4267: “return”: 从“size_t”转换到“int”，可能丢失数据
  buf_err.c
  buf_str.c
  camellia.c
  cmll_cbc.c
  cmll_cfb.c
  cmll_ctr.c
  cmll_ecb.c
  cmll_misc.c
  cmll_ofb.c
  cmll_utl.c
  c_cfb64.c
  c_ecb.c
  c_enc.c
  c_ofb64.c
  c_skey.c
  cmac.c
..\..\crypto\cmac\cmac.c(190): warning C4267: “函数”: 从“size_t”转换到“int”，可能丢失数据
..\..\crypto\cmac\cmac.c(231): warning C4267: “+=”: 从“size_t”转换到“int”，可能丢失数据
..\..\crypto\cmac\cmac.c(237): warning C4267: “函数”: 从“size_t”转换到“unsigned int”，可能丢失数据
..\..\crypto\cmac\cmac.c(242): warning C4267: “函数”: 从“size_t”转换到“unsigned int”，可能丢失数据
..\..\crypto\cmac\cmac.c(249): warning C4267: “=”: 从“size_t”转换到“int”，可能丢失数据
  cm_ameth.c
  cm_pmeth.c
  cms_asn1.c
  正在生成代码...
  正在编译...
  cms_att.c
  cms_cd.c
  cms_dd.c
  cms_enc.c
..\..\crypto\cms\cms_enc.c(156): warning C4267: “函数”: 从“size_t”转换到“int”，可能丢失数据
  cms_env.c
..\..\crypto\cms\cms_env.c(399): warning C4267: “函数”: 从“size_t”转换到“int”，可能丢失数据
..\..\crypto\cms\cms_env.c(605): warning C4267: “函数”: 从“size_t”转换到“int”，可能丢失数据
..\..\crypto\cms\cms_env.c(698): warning C4267: “函数”: 从“size_t”转换到“const int”，可能丢失数据
..\..\crypto\cms\cms_env.c(711): warning C4267: “函数”: 从“size_t”转换到“unsigned int”，可能丢失数据
..\..\crypto\cms\cms_env.c(768): warning C4267: “函数”: 从“size_t”转换到“const int”，可能丢失数据
  cms_err.c
  cms_ess.c
  cms_io.c
  cms_kari.c
..\..\crypto\cms\cms_kari.c(259): warning C4267: “函数”: 从“size_t”转换到“int”，可能丢失数据
..\..\crypto\cms\cms_kari.c(264): warning C4267: “函数”: 从“size_t”转换到“int”，可能丢失数据
..\..\crypto\cms\cms_kari.c(460): warning C4267: “函数”: 从“size_t”转换到“int”，可能丢失数据
  cms_lib.c
  cms_pwri.c
..\..\crypto\cms\cms_pwri.c(241): warning C4267: “函数”: 从“size_t”转换到“int”，可能丢失数据
..\..\crypto\cms\cms_pwri.c(247): warning C4267: “函数”: 从“size_t”转换到“int”，可能丢失数据
..\..\crypto\cms\cms_pwri.c(249): warning C4267: “函数”: 从“size_t”转换到“int”，可能丢失数据
..\..\crypto\cms\cms_pwri.c(254): warning C4267: “函数”: 从“size_t”转换到“int”，可能丢失数据
..\..\crypto\cms\cms_pwri.c(304): warning C4267: “函数”: 从“size_t”转换到“int”，可能丢失数据
..\..\crypto\cms\cms_pwri.c(307): warning C4267: “函数”: 从“size_t”转换到“int”，可能丢失数据
..\..\crypto\cms\cms_pwri.c(308): warning C4267: “函数”: 从“size_t”转换到“int”，可能丢失数据
..\..\crypto\cms\cms_pwri.c(382): warning C4267: “函数”: 从“size_t”转换到“int”，可能丢失数据
..\..\crypto\cms\cms_pwri.c(403): warning C4267: “=”: 从“size_t”转换到“int”，可能丢失数据
  cms_sd.c
..\..\crypto\cms\cms_sd.c(631): warning C4267: “函数”: 从“size_t”转换到“int”，可能丢失数据
..\..\crypto\cms\cms_sd.c(728): warning C4267: “函数”: 从“size_t”转换到“int”，可能丢失数据
  cms_smime.c
  comp_err.c
  comp_lib.c
  c_rle.c
  c_zlib.c
  conf_api.c
  conf_def.c
..\..\crypto\conf\conf_def.c(599): warning C4244: “-=”: 从“__int64”转换到“int”，可能丢失数据
  conf_err.c
  正在生成代码...
  正在编译...
  conf_lib.c
  conf_mall.c
  conf_mod.c
..\..\crypto\conf\conf_mod.c(317): warning C4244: “=”: 从“__int64”转换到“int”，可能丢失数据
..\..\crypto\conf\conf_mod.c(589): warning C4244: “函数”: 从“__int64”转换到“int”，可能丢失数据
  conf_sap.c
  cpt_err.c
  cryptlib.c
..\..\crypto\cryptlib.c(447): warning C4311: “类型转换”: 从“void *”到“unsigned long”的指针截断
..\..\crypto\cryptlib.c(904): warning C4267: “函数”: 从“size_t”转换到“int”，可能丢失数据
  cversion.c
  cbc_cksm.c
  cbc_enc.c
  cfb64ede.c
  cfb64enc.c
  cfb_enc.c
  des_enc.c
  des_old.c
  des_old2.c
  ecb3_enc.c
  ecb_enc.c
  ede_cbcm_enc.c
  enc_read.c
  enc_writ.c
  正在生成代码...
  正在编译...
  fcrypt.c
  fcrypt_b.c
  ofb64ede.c
  ofb64enc.c
  ofb_enc.c
  pcbc_enc.c
  qud_cksm.c
  rand_key.c
  read2pwd.c
  rpc_enc.c
  set_key.c
  str2key.c
..\..\crypto\des\str2key.c(69): warning C4267: “=”: 从“size_t”转换到“int”，可能丢失数据
..\..\crypto\des\str2key.c(108): warning C4267: “=”: 从“size_t”转换到“int”，可能丢失数据
  xcbc_enc.c
  dh_ameth.c
..\..\crypto\dh\dh_ameth.c(780): warning C4267: “函数”: 从“size_t”转换到“int”，可能丢失数据
..\..\crypto\dh\dh_ameth.c(927): warning C4267: “函数”: 从“size_t”转换到“int”，可能丢失数据
  dh_asn1.c
  dh_check.c
  dh_depr.c
  dh_err.c
  dh_gen.c
  dh_kdf.c
..\..\crypto\dh\dh_kdf.c(78): warning C4244: “-=”: 从“__int64”转换到“long”，可能丢失数据
..\..\crypto\dh\dh_kdf.c(114): warning C4267: “=”: 从“size_t”转换到“int”，可能丢失数据
..\..\crypto\dh\dh_kdf.c(118): warning C4267: “函数”: 从“size_t”转换到“int”，可能丢失数据
  正在生成代码...
  正在编译...
  dh_key.c
  dh_lib.c
  dh_pmeth.c
..\..\crypto\dh\dh_pmeth.c(230): warning C4267: “=”: 从“size_t”转换到“int”，可能丢失数据
..\..\crypto\dh\dh_pmeth.c(245): warning C4267: “return”: 从“size_t”转换到“int”，可能丢失数据
  dh_prn.c
  dh_rfc5114.c
  dsa_ameth.c
  dsa_asn1.c
  dsa_depr.c
  dsa_err.c
  dsa_gen.c
..\..\crypto\dsa\dsa_gen.c(188): warning C4267: “函数”: 从“size_t”转换到“int”，可能丢失数据
..\..\crypto\dsa\dsa_gen.c(252): warning C4267: “=”: 从“size_t”转换到“int”，可能丢失数据
..\..\crypto\dsa\dsa_gen.c(284): warning C4267: “函数”: 从“size_t”转换到“int”，可能丢失数据
..\..\crypto\dsa\dsa_gen.c(138): warning C4267: “初始化”: 从“size_t”转换到“int”，可能丢失数据
..\..\crypto\dsa\dsa_gen.c(484): warning C4267: “函数”: 从“size_t”转换到“int”，可能丢失数据
..\..\crypto\dsa\dsa_gen.c(494): warning C4267: “函数”: 从“size_t”转换到“int”，可能丢失数据
..\..\crypto\dsa\dsa_gen.c(545): warning C4267: “=”: 从“size_t”转换到“int”，可能丢失数据
..\..\crypto\dsa\dsa_gen.c(558): warning C4267: “=”: 从“size_t”转换到“int”，可能丢失数据
..\..\crypto\dsa\dsa_gen.c(577): warning C4267: “函数”: 从“size_t”转换到“int”，可能丢失数据
..\..\crypto\dsa\dsa_gen.c(411): warning C4267: “初始化”: 从“size_t”转换到“int”，可能丢失数据
  dsa_key.c
  dsa_lib.c
  dsa_ossl.c
  dsa_pmeth.c
..\..\crypto\dsa\dsa_pmeth.c(134): warning C4267: “函数”: 从“size_t”转换到“int”，可能丢失数据
..\..\crypto\dsa\dsa_pmeth.c(155): warning C4267: “函数”: 从“size_t”转换到“int”，可能丢失数据
  dsa_prn.c
  dsa_sign.c
  dsa_vrf.c
  dso_beos.c
  dso_dl.c
  dso_dlfcn.c
  正在生成代码...
  正在编译...
  dso_err.c
  dso_lib.c
  dso_null.c
  dso_openssl.c
  dso_vms.c
  dso_win32.c
  ebcdic.c
  ech_err.c
  ech_kdf.c
  ech_key.c
  ech_lib.c
  ech_ossl.c
..\..\crypto\ecdh\ech_ossl.c(199): warning C4267: “=”: 从“size_t”转换到“int”，可能丢失数据
..\..\crypto\ecdh\ech_ossl.c(205): warning C4267: “=”: 从“size_t”转换到“int”，可能丢失数据
  ecs_asn1.c
  ecs_err.c
  ecs_lib.c
  ecs_ossl.c
  ecs_sign.c
  ecs_vrf.c
  ec2_mult.c
  ec2_oct.c
..\..\crypto\ec\ec2_oct.c(358): warning C4267: “函数”: 从“size_t”转换到“int”，可能丢失数据
..\..\crypto\ec\ec2_oct.c(370): warning C4267: “函数”: 从“size_t”转换到“int”，可能丢失数据
  正在生成代码...
  正在编译...
  ec2_smpl.c
  eck_prn.c
  ecp_mont.c
  ecp_nist.c
  ecp_oct.c
..\..\crypto\ec\ecp_oct.c(386): warning C4267: “函数”: 从“size_t”转换到“int”，可能丢失数据
..\..\crypto\ec\ecp_oct.c(398): warning C4267: “函数”: 从“size_t”转换到“int”，可能丢失数据
  ecp_smpl.c
  ec_ameth.c
  ec_asn1.c
..\..\crypto\ec\ec_asn1.c(502): warning C4267: “函数”: 从“size_t”转换到“int”，可能丢失数据
..\..\crypto\ec\ec_asn1.c(503): warning C4267: “函数”: 从“size_t”转换到“int”，可能丢失数据
..\..\crypto\ec\ec_asn1.c(606): warning C4267: “函数”: 从“size_t”转换到“int”，可能丢失数据
..\..\crypto\ec\ec_asn1.c(1163): warning C4267: “函数”: 从“size_t”转换到“int”，可能丢失数据
..\..\crypto\ec\ec_asn1.c(1205): warning C4267: “函数”: 从“size_t”转换到“int”，可能丢失数据
..\..\crypto\ec\ec_asn1.c(1305): warning C4267: “return”: 从“size_t”转换到“int”，可能丢失数据
..\..\crypto\ec\ec_asn1.c(1325): warning C4267: “return”: 从“size_t”转换到“int”，可能丢失数据
  ec_check.c
  ec_curve.c
  ec_cvt.c
  ec_err.c
  ec_key.c
  ec_lib.c
  ec_mult.c
..\..\crypto\ec\ec_mult.c(284): warning C4267: “函数”: 从“size_t”转换到“int”，可能丢失数据
..\..\crypto\ec\ec_mult.c(457): warning C4267: “函数”: 从“size_t”转换到“int”，可能丢失数据
..\..\crypto\ec\ec_mult.c(487): warning C4267: “函数”: 从“size_t”转换到“int”，可能丢失数据
..\..\crypto\ec\ec_mult.c(640): warning C4267: “=”: 从“size_t”转换到“int”，可能丢失数据
..\..\crypto\ec\ec_mult.c(805): warning C4267: “函数”: 从“size_t”转换到“int”，可能丢失数据
  ec_oct.c
  ec_pmeth.c
..\..\crypto\ec\ec_pmeth.c(180): warning C4267: “函数”: 从“size_t”转换到“int”，可能丢失数据
..\..\crypto\ec\ec_pmeth.c(201): warning C4267: “函数”: 从“size_t”转换到“int”，可能丢失数据
..\..\crypto\ec\ec_pmeth.c(364): warning C4267: “=”: 从“size_t”转换到“int”，可能丢失数据
..\..\crypto\ec\ec_pmeth.c(379): warning C4267: “return”: 从“size_t”转换到“int”，可能丢失数据
  ec_print.c
..\..\crypto\ec\ec_print.c(79): warning C4267: “函数”: 从“size_t”转换到“int”，可能丢失数据
  eng_all.c
  eng_cnf.c
  正在生成代码...
  正在编译...
  eng_cryptodev.c
  eng_ctrl.c
  eng_dyn.c
  eng_err.c
  eng_fat.c
  eng_init.c
  eng_lib.c
  eng_list.c
  eng_openssl.c
  eng_pkey.c
  eng_rdrand.c
  eng_table.c
  tb_asnmth.c
  tb_cipher.c
  tb_dh.c
  tb_digest.c
  tb_dsa.c
  tb_ecdh.c
  tb_ecdsa.c
  tb_pkmeth.c
  正在生成代码...
  正在编译...
  tb_rand.c
  tb_rsa.c
  tb_store.c
  err.c
  err_all.c
  err_prn.c
..\..\crypto\err\err_prn.c(107): warning C4267: “函数”: 从“size_t”转换到“int”，可能丢失数据
  bio_b64.c
..\..\crypto\evp\bio_b64.c(249): warning C4244: “函数”: 从“__int64”转换到“int”，可能丢失数据
..\..\crypto\evp\bio_b64.c(256): warning C4244: “-=”: 从“__int64”转换到“int”，可能丢失数据
..\..\crypto\evp\bio_b64.c(280): warning C4244: “=”: 从“__int64”转换到“int”，可能丢失数据
  bio_enc.c
  bio_md.c
  bio_ok.c
..\..\crypto\evp\bio_ok.c(229): warning C4267: “=”: 从“size_t”转换到“int”，可能丢失数据
..\..\crypto\evp\bio_ok.c(261): warning C4267: “=”: 从“size_t”转换到“int”，可能丢失数据
..\..\crypto\evp\bio_ok.c(315): warning C4267: “=”: 从“size_t”转换到“int”，可能丢失数据
..\..\crypto\evp\bio_ok.c(390): warning C4267: “=”: 从“size_t”转换到“long”，可能丢失数据
..\..\crypto\evp\bio_ok.c(564): warning C4267: “=”: 从“size_t”转换到“unsigned long”，可能丢失数据
  c_all.c
  c_allc.c
  c_alld.c
  digest.c
  encode.c
  evp_acnf.c
  evp_cnf.c
  evp_enc.c
  evp_err.c
  evp_key.c
  正在生成代码...
  正在编译...
  evp_lib.c
  evp_pbe.c
  evp_pkey.c
  e_aes.c
..\..\crypto\evp\e_aes.c(1418): warning C4267: “=”: 从“size_t”转换到“int”，可能丢失数据
..\..\crypto\evp\e_aes.c(1463): warning C4267: “=”: 从“size_t”转换到“int”，可能丢失数据
..\..\crypto\evp\e_aes.c(1578): warning C4267: “return”: 从“size_t”转换到“int”，可能丢失数据
..\..\crypto\evp\e_aes.c(1868): warning C4267: “return”: 从“size_t”转换到“int”，可能丢失数据
..\..\crypto\evp\e_aes.c(1874): warning C4267: “return”: 从“size_t”转换到“int”，可能丢失数据
..\..\crypto\evp\e_aes.c(1891): warning C4267: “return”: 从“size_t”转换到“int”，可能丢失数据
..\..\crypto\evp\e_aes.c(1900): warning C4267: “=”: 从“size_t”转换到“int”，可能丢失数据
..\..\crypto\evp\e_aes.c(1967): warning C4267: “return”: 从“size_t”转换到“int”，可能丢失数据
..\..\crypto\evp\e_aes.c(1969): warning C4267: “return”: 从“size_t”转换到“int”，可能丢失数据
  e_aes_cbc_hmac_sha1.c
  e_aes_cbc_hmac_sha256.c
  e_bf.c
  e_camellia.c
  e_cast.c
  e_des.c
  e_des3.c
..\..\crypto\evp\e_des3.c(399): warning C4267: “return”: 从“size_t”转换到“int”，可能丢失数据
..\..\crypto\evp\e_des3.c(426): warning C4267: “=”: 从“size_t”转换到“int”，可能丢失数据
..\..\crypto\evp\e_des3.c(442): warning C4267: “return”: 从“size_t”转换到“int”，可能丢失数据
..\..\crypto\evp\e_des3.c(458): warning C4267: “return”: 从“size_t”转换到“int”，可能丢失数据
  e_idea.c
  e_null.c
  e_old.c
  e_rc2.c
  e_rc4.c
  e_rc4_hmac_md5.c
  e_rc5.c
  e_seed.c
  e_xcbc_d.c
  正在生成代码...
  正在编译...
  m_dss.c
  m_dss1.c
  m_ecdsa.c
  m_md2.c
  m_md4.c
  m_md5.c
  m_mdc2.c
  m_null.c
  m_ripemd.c
  m_sha.c
  m_sha1.c
  m_sigver.c
..\..\crypto\evp\m_sigver.c(196): warning C4267: “函数”: 从“size_t”转换到“int”，可能丢失数据
  m_wp.c
  names.c
  p5_crpt.c
  p5_crpt2.c
  pmeth_fn.c
  pmeth_gn.c
  pmeth_lib.c
  p_dec.c
  正在生成代码...
  正在编译...
  p_enc.c
  p_lib.c
  p_open.c
  p_seal.c
  p_sign.c
..\..\crypto\evp\p_sign.c(106): warning C4267: “=”: 从“size_t”转换到“unsigned int”，可能丢失数据
  p_verify.c
  ex_data.c
  hmac.c
  hm_ameth.c
  hm_pmeth.c
  i_cbc.c
  i_cfb64.c
  i_ecb.c
  i_ofb64.c
  i_skey.c
  krb5_asn.c
  lhash.c
  lh_stats.c
  md2_dgst.c
  md2_one.c
  正在生成代码...
  正在编译...
  md4_dgst.c
  md4_one.c
  md5_dgst.c
  md5_one.c
  mdc2dgst.c
  mdc2_one.c
  mem.c
  mem_clr.c
  mem_dbg.c
..\..\crypto\mem_dbg.c(326): warning C4311: “类型转换”: 从“void *const ”到“unsigned long”的指针截断
..\..\crypto\mem_dbg.c(662): warning C4311: “类型转换”: 从“void *const ”到“unsigned long”的指针截断
  cbc128.c
  ccm128.c
  cfb128.c
  ctr128.c
  cts128.c
  gcm128.c
  ofb128.c
  wrap128.c
  xts128.c
  obj_dat.c
  obj_err.c
  正在生成代码...
  正在编译...
  obj_lib.c
  obj_xref.c
  o_names.c
  ocsp_asn.c
  ocsp_cl.c
  ocsp_err.c
  ocsp_ext.c
  ocsp_ht.c
  ocsp_lib.c
  ocsp_prn.c
  ocsp_srv.c
  ocsp_vfy.c
  o_dir.c
d:\kbedemo\kbengine\kbe\src\lib\dependencies\openssl\crypto\LPdir_win.c(110): warning C4267: “函数”: 从“size_t”转换到“int”，可能丢失数据
d:\kbedemo\kbengine\kbe\src\lib\dependencies\openssl\crypto\LPdir_win.c(146): warning C4267: “函数”: 从“size_t”转换到“int”，可能丢失数据
  o_fips.c
  o_init.c
  o_str.c
  o_time.c
  pem_all.c
  pem_err.c
  pem_info.c
  正在生成代码...
  正在编译...
  pem_lib.c
..\..\crypto\pem\pem_lib.c(864): warning C4244: “return”: 从“__int64”转换到“int”，可能丢失数据
  pem_oth.c
  pem_pk8.c
  pem_pkey.c
  pem_seal.c
  pem_sign.c
  pem_x509.c
  pem_xaux.c
  pvkfmt.c
  p12_add.c
  p12_asn.c
  p12_attr.c
  p12_crpt.c
  p12_crt.c
  p12_decr.c
  p12_init.c
  p12_key.c
  p12_kiss.c
  p12_mutl.c
  p12_npas.c
  正在生成代码...
  正在编译...
  p12_p8d.c
  p12_p8e.c
  p12_utl.c
  pk12err.c
  bio_pk7.c
  pk7_asn1.c
  pk7_attr.c
  pk7_doit.c
..\..\crypto\pkcs7\pk7_doit.c(177): warning C4267: “函数”: 从“size_t”转换到“int”，可能丢失数据
..\..\crypto\pkcs7\pk7_doit.c(241): warning C4267: “=”: 从“size_t”转换到“int”，可能丢失数据
..\..\crypto\pkcs7\pk7_doit.c(958): warning C4267: “函数”: 从“size_t”转换到“int”，可能丢失数据
  pk7_lib.c
  pk7_mime.c
  pk7_smime.c
  pkcs7err.c
  pqueue.c
  md_rand.c
  randfile.c
..\..\crypto\rand\randfile.c(172): warning C4267: “=”: 从“size_t”转换到“int”，可能丢失数据
..\..\crypto\rand\randfile.c(272): warning C4267: “=”: 从“size_t”转换到“int”，可能丢失数据
  rand_egd.c
  rand_err.c
  rand_lib.c
  rand_nw.c
  rand_os2.c
  正在生成代码...
  正在编译...
  rand_unix.c
  rand_win.c
..\..\crypto\rand\rand_win.c(458): warning C4244: “函数”: 从“SIZE_T”转换到“int”，可能丢失数据
..\..\crypto\rand\rand_win.c(467): warning C4244: “函数”: 从“SIZE_T”转换到“int”，可能丢失数据
  rc2cfb64.c
  rc2ofb64.c
  rc2_cbc.c
  rc2_ecb.c
  rc2_skey.c
  rc4_enc.c
  rc4_skey.c
  rc4_utl.c
  rc5cfb64.c
  rc5ofb64.c
  rc5_ecb.c
  rc5_enc.c
  rc5_skey.c
  rmd_dgst.c
  rmd_one.c
  rsa_ameth.c
  rsa_asn1.c
  rsa_chk.c
  正在生成代码...
  正在编译...
  rsa_crpt.c
  rsa_depr.c
  rsa_eay.c
  rsa_err.c
  rsa_gen.c
  rsa_lib.c
  rsa_none.c
  rsa_null.c
  rsa_oaep.c
  rsa_pk1.c
  rsa_pmeth.c
..\..\crypto\rsa\rsa_pmeth.c(251): warning C4267: “函数”: 从“size_t”转换到“unsigned int”，可能丢失数据
..\..\crypto\rsa\rsa_pmeth.c(267): warning C4267: “函数”: 从“size_t”转换到“int”，可能丢失数据
..\..\crypto\rsa\rsa_pmeth.c(272): warning C4267: “函数”: 从“size_t”转换到“unsigned int”，可能丢失数据
..\..\crypto\rsa\rsa_pmeth.c(289): warning C4267: “函数”: 从“size_t”转换到“int”，可能丢失数据
..\..\crypto\rsa\rsa_pmeth.c(308): warning C4267: “函数”: 从“size_t”转换到“int”，可能丢失数据
..\..\crypto\rsa\rsa_pmeth.c(333): warning C4267: “=”: 从“size_t”转换到“int”，可能丢失数据
..\..\crypto\rsa\rsa_pmeth.c(337): warning C4267: “函数”: 从“size_t”转换到“int”，可能丢失数据
..\..\crypto\rsa\rsa_pmeth.c(374): warning C4267: “函数”: 从“size_t”转换到“unsigned int”，可能丢失数据
..\..\crypto\rsa\rsa_pmeth.c(375): warning C4267: “函数”: 从“size_t”转换到“unsigned int”，可能丢失数据
..\..\crypto\rsa\rsa_pmeth.c(383): warning C4267: “函数”: 从“size_t”转换到“int”，可能丢失数据
..\..\crypto\rsa\rsa_pmeth.c(398): warning C4267: “函数”: 从“size_t”转换到“int”，可能丢失数据
..\..\crypto\rsa\rsa_pmeth.c(422): warning C4267: “函数”: 从“size_t”转换到“int”，可能丢失数据
..\..\crypto\rsa\rsa_pmeth.c(424): warning C4267: “函数”: 从“size_t”转换到“int”，可能丢失数据
..\..\crypto\rsa\rsa_pmeth.c(430): warning C4267: “函数”: 从“size_t”转换到“int”，可能丢失数据
..\..\crypto\rsa\rsa_pmeth.c(448): warning C4267: “函数”: 从“size_t”转换到“int”，可能丢失数据
..\..\crypto\rsa\rsa_pmeth.c(459): warning C4267: “函数”: 从“size_t”转换到“int”，可能丢失数据
..\..\crypto\rsa\rsa_pmeth.c(462): warning C4267: “函数”: 从“size_t”转换到“int”，可能丢失数据
..\..\crypto\rsa\rsa_pmeth.c(614): warning C4267: “return”: 从“size_t”转换到“int”，可能丢失数据
  rsa_prn.c
  rsa_pss.c
  rsa_saos.c
  rsa_sign.c
  rsa_ssl.c
  rsa_x931.c
  seed.c
  seed_cbc.c
  seed_cfb.c
  正在生成代码...
  正在编译...
  seed_ecb.c
  seed_ofb.c
  sha1dgst.c
  sha1_one.c
  sha256.c
  sha512.c
  sha_dgst.c
  sha_one.c
  srp_lib.c
  srp_vfy.c
..\..\crypto\srp\srp_vfy.c(98): warning C4244: “=”: 从“__int64”转换到“unsigned char”，可能丢失数据
  stack.c
  ts_asn1.c
  ts_conf.c
  ts_err.c
  ts_lib.c
  ts_req_print.c
  ts_req_utils.c
  ts_rsp_print.c
  ts_rsp_sign.c
  ts_rsp_utils.c
  正在生成代码...
  正在编译...
  ts_rsp_verify.c
  ts_verify_ctx.c
  txt_db.c
..\..\crypto\txt_db\txt_db.c(293): warning C4244: “=”: 从“__int64”转换到“long”，可能丢失数据
  uid.c
  ui_compat.c
  ui_err.c
  ui_lib.c
  ui_openssl.c
  ui_util.c
  wp_block.c
..\..\crypto\whrlpool\wp_block.c(87): warning C4164: “_rotl64”: 未声明的内部函数
  wp_dgst.c
  pcy_cache.c
  pcy_data.c
  pcy_lib.c
  pcy_map.c
  pcy_node.c
  pcy_tree.c
  v3err.c
  v3_addr.c
  v3_akey.c
  正在生成代码...
  正在编译...
  v3_akeya.c
  v3_alt.c
..\..\crypto\x509v3\v3_alt.c(574): warning C4244: “=”: 从“__int64”转换到“int”，可能丢失数据
  v3_asid.c
  v3_bcons.c
  v3_bitst.c
  v3_conf.c
  v3_cpols.c
  v3_crld.c
  v3_enum.c
  v3_extku.c
  v3_genn.c
  v3_ia5.c
  v3_info.c
..\..\crypto\x509v3\v3_info.c(174): warning C4244: “=”: 从“__int64”转换到“int”，可能丢失数据
  v3_int.c
  v3_lib.c
  v3_ncons.c
..\..\crypto\x509v3\v3_ncons.c(458): warning C4244: “=”: 从“__int64”转换到“int”，可能丢失数据
  v3_ocsp.c
  v3_pci.c
  v3_pcia.c
  v3_pcons.c
  正在生成代码...
  正在编译...
  v3_pku.c
  v3_pmaps.c
  v3_prn.c
  v3_purp.c
  v3_scts.c
  v3_skey.c
  v3_sxnet.c
  v3_utl.c
..\..\crypto\x509v3\v3_utl.c(486): warning C4244: “=”: 从“__int64”转换到“long”，可能丢失数据
  by_dir.c
  by_file.c
  x509cset.c
  x509name.c
  x509rset.c
  x509spki.c
  x509type.c
  x509_att.c
  x509_cmp.c
  x509_d2.c
  x509_def.c
  x509_err.c
  正在生成代码...
  正在编译...
  x509_ext.c
  x509_lu.c
  x509_obj.c
  x509_r2x.c
  x509_req.c
  x509_set.c
  x509_trs.c
  x509_txt.c
  x509_v3.c
  x509_vfy.c
  x509_vpm.c
  x_all.c
  uplink.c
..\..\ms\uplink.c(83): warning C4311: “类型转换”: 从“void *”到“int”的指针截断
  正在生成代码...
  libeay32.vcxproj -> D:\kbedemo\kbengine\kbe\src\lib\dependencies\openssl\vcbuild\libeay32\..\..\..\..\..\libs\libeay32_d.lib
